#separator \x09
#set_separator	,
#empty_field	(empty)
#unset_field	-
#path	reporter
#open	2020-08-22-16-48-17
#fields	ts	level	message	location
#types	time	enum	string	string
1536676866.822303	Reporter::ERROR	non-optional field "uri" missing in initialization ([uid=COayMk2y2UybUvtia, req_ip=fe80::391c:29ee:5819:604c, req_port=51404/tcp, resp_ip=fe80::c075:a178:5322:64ae, resp_port=8888/tcp, full_req_len=66, req_body_key=net.tcp://si1866:8888/TransferService/service.svc/nettcp, req_key_len=66, full_resp_len=1, resp_body_key=\\x0b, resp_key_len=1])	<no location>
1536676866.822303	Reporter::ERROR	non-optional field "code" missing in initialization ([uid=COayMk2y2UybUvtia, req_ip=fe80::391c:29ee:5819:604c, req_port=51404/tcp, resp_ip=fe80::c075:a178:5322:64ae, resp_port=8888/tcp, full_req_len=66, req_body_key=net.tcp://si1866:8888/TransferService/service.svc/nettcp, req_key_len=66, full_resp_len=1, resp_body_key=\\x0b, resp_key_len=1])	<no location>
1536676867.383771	Reporter::ERROR	non-optional field "uri" missing in initialization ([uid=COayMk2y2UybUvtia, req_ip=fe80::391c:29ee:5819:604c, req_port=51404/tcp, resp_ip=fe80::c075:a178:5322:64ae, resp_port=8888/tcp, full_req_len=705376, req_body_key=www.eos.info/TransferService/ITransferService/Send2e, req_key_len=52, full_resp_len=0, resp_body_key=, resp_key_len=52])	<no location>
1536676867.383771	Reporter::ERROR	non-optional field "code" missing in initialization ([uid=COayMk2y2UybUvtia, req_ip=fe80::391c:29ee:5819:604c, req_port=51404/tcp, resp_ip=fe80::c075:a178:5322:64ae, resp_port=8888/tcp, full_req_len=705376, req_body_key=www.eos.info/TransferService/ITransferService/Send2e, req_key_len=52, full_resp_len=0, resp_body_key=, resp_key_len=52])	<no location>
1536676867.419971	Reporter::ERROR	non-optional field "uri" missing in initialization ([uid=COayMk2y2UybUvtia, req_ip=fe80::391c:29ee:5819:604c, req_port=51404/tcp, resp_ip=fe80::c075:a178:5322:64ae, resp_port=8888/tcp, full_req_len=0, req_body_key=, req_key_len=0, full_resp_len=1, resp_body_key=, resp_key_len=0])	<no location>
1536676867.419971	Reporter::ERROR	non-optional field "code" missing in initialization ([uid=COayMk2y2UybUvtia, req_ip=fe80::391c:29ee:5819:604c, req_port=51404/tcp, resp_ip=fe80::c075:a178:5322:64ae, resp_port=8888/tcp, full_req_len=0, req_body_key=, req_key_len=0, full_resp_len=1, resp_body_key=, resp_key_len=0])	<no location>
1536676867.487174	Reporter::ERROR	non-optional field "uri" missing in initialization ([uid=COayMk2y2UybUvtia, req_ip=fe80::391c:29ee:5819:604c, req_port=51404/tcp, resp_ip=fe80::c075:a178:5322:64ae, resp_port=8888/tcp, full_req_len=66, req_body_key=net.tcp://si1866:8888/TransferService/service.svc/nettcp, req_key_len=66, full_resp_len=1, resp_body_key=\\x0b, resp_key_len=1])	<no location>
1536676867.487174	Reporter::ERROR	non-optional field "code" missing in initialization ([uid=COayMk2y2UybUvtia, req_ip=fe80::391c:29ee:5819:604c, req_port=51404/tcp, resp_ip=fe80::c075:a178:5322:64ae, resp_port=8888/tcp, full_req_len=66, req_body_key=net.tcp://si1866:8888/TransferService/service.svc/nettcp, req_key_len=66, full_resp_len=1, resp_body_key=\\x0b, resp_key_len=1])	<no location>
1536676867.532958	Reporter::ERROR	non-optional field "uri" missing in initialization ([uid=COayMk2y2UybUvtia, req_ip=fe80::391c:29ee:5819:604c, req_port=51404/tcp, resp_ip=fe80::c075:a178:5322:64ae, resp_port=8888/tcp, full_req_len=15494, req_body_key=www.eos.info/TransferService/ITransferService/Send2e, req_key_len=52, full_resp_len=0, resp_body_key=, resp_key_len=52])	<no location>
1536676867.532958	Reporter::ERROR	non-optional field "code" missing in initialization ([uid=COayMk2y2UybUvtia, req_ip=fe80::391c:29ee:5819:604c, req_port=51404/tcp, resp_ip=fe80::c075:a178:5322:64ae, resp_port=8888/tcp, full_req_len=15494, req_body_key=www.eos.info/TransferService/ITransferService/Send2e, req_key_len=52, full_resp_len=0, resp_body_key=, resp_key_len=52])	<no location>
1536676867.533694	Reporter::ERROR	non-optional field "uri" missing in initialization ([uid=COayMk2y2UybUvtia, req_ip=fe80::391c:29ee:5819:604c, req_port=51404/tcp, resp_ip=fe80::c075:a178:5322:64ae, resp_port=8888/tcp, full_req_len=0, req_body_key=, req_key_len=0, full_resp_len=1, resp_body_key=, resp_key_len=0])	<no location>
1536676867.533694	Reporter::ERROR	non-optional field "code" missing in initialization ([uid=COayMk2y2UybUvtia, req_ip=fe80::391c:29ee:5819:604c, req_port=51404/tcp, resp_ip=fe80::c075:a178:5322:64ae, resp_port=8888/tcp, full_req_len=0, req_body_key=, req_key_len=0, full_resp_len=1, resp_body_key=, resp_key_len=0])	<no location>
#close	2020-08-22-16-48-17
