#separator \x09
#set_separator	,
#empty_field	(empty)
#unset_field	-
#path	notice
#open	2018-02-01-16-04-04
#fields	ts	uid	id.orig_h	id.orig_p	id.resp_h	id.resp_p	fuid	file_mime_type	file_desc	proto	note	msg	sub	src	dst	p	n	peer_descr	actions	suppress_for	dropped	remote_location.country_code	remote_location.region	remote_location.city	remote_location.latitude	remote_location.longitude
#types	time	string	addr	port	addr	port	string	string	string	enum	enum	string	string	addr	addr	port	count	string	set[enum]	interval	bool	string	string	string	double	double
1517337800.449861	-	-	-	-	-	-	-	-	-	SMB::EIoT	114, 24	-	-	-	-	-	bro	Notice::ACTION_LOG	3600.000000	F	-	-	-	-	-
1517337800.454070	-	-	-	-	-	-	-	-	-	SMB::EIoT	114, 136	-	-	-	-	-	bro	Notice::ACTION_LOG	3600.000000	F	-	-	-	-	-
1517337800.456482	-	-	-	-	-	-	-	-	-	SMB::EIoT	115, 24	-	-	-	-	-	bro	Notice::ACTION_LOG	3600.000000	F	-	-	-	-	-
1517337800.458942	-	-	-	-	-	-	-	-	-	SMB::EIoT	115, 136	-	-	-	-	-	bro	Notice::ACTION_LOG	3600.000000	F	-	-	-	-	-
1517337800.459363	-	-	-	-	-	-	-	-	-	SMB::EIoT	115, 24	-	-	-	-	-	bro	Notice::ACTION_LOG	3600.000000	F	-	-	-	-	-
1517337800.466420	-	-	-	-	-	-	-	-	-	SMB::EIoT	115, 136	-	-	-	-	-	bro	Notice::ACTION_LOG	3600.000000	F	-	-	-	-	-
1517337800.466750	-	-	-	-	-	-	-	-	-	SMB::EIoT	117, 24	-	-	-	-	-	bro	Notice::ACTION_LOG	3600.000000	F	-	-	-	-	-
1517337800.469589	-	-	-	-	-	-	-	-	-	SMB::EIoT	117, 136	-	-	-	-	-	bro	Notice::ACTION_LOG	3600.000000	F	-	-	-	-	-
1517337800.469833	-	-	-	-	-	-	-	-	-	SMB::EIoT	50, 24	-	-	-	-	-	bro	Notice::ACTION_LOG	3600.000000	F	-	-	-	-	-
1517337800.470560	-	-	-	-	-	-	-	-	-	SMB::EIoT	50, 136	-	-	-	-	-	bro	Notice::ACTION_LOG	3600.000000	F	-	-	-	-	-
1517337800.470760	-	-	-	-	-	-	-	-	-	SMB::EIoT	113, 24	-	-	-	-	-	bro	Notice::ACTION_LOG	3600.000000	F	-	-	-	-	-
1517337800.471046	-	-	-	-	-	-	-	-	-	SMB::EIoT	113, 136	-	-	-	-	-	bro	Notice::ACTION_LOG	3600.000000	F	-	-	-	-	-
1517337800.471240	-	-	-	-	-	-	-	-	-	SMB::EIoT	117, 24	-	-	-	-	-	bro	Notice::ACTION_LOG	3600.000000	F	-	-	-	-	-
1517337800.473279	-	-	-	-	-	-	-	-	-	SMB::EIoT	117, 136	-	-	-	-	-	bro	Notice::ACTION_LOG	3600.000000	F	-	-	-	-	-
1517337800.473623	-	-	-	-	-	-	-	-	-	SMB::EIoT	162, 24	-	-	-	-	-	bro	Notice::ACTION_LOG	3600.000000	F	-	-	-	-	-
1517337800.476149	-	-	-	-	-	-	-	-	-	SMB::EIoT	162, 136	-	-	-	-	-	bro	Notice::ACTION_LOG	3600.000000	F	-	-	-	-	-
1517337800.476645	-	-	-	-	-	-	-	-	-	SMB::EIoT	47, 24	-	-	-	-	-	bro	Notice::ACTION_LOG	3600.000000	F	-	-	-	-	-
1517337800.477211	-	-	-	-	-	-	-	-	-	SMB::EIoT	47, 136	-	-	-	-	-	bro	Notice::ACTION_LOG	3600.000000	F	-	-	-	-	-
1517337800.477691	-	-	-	-	-	-	-	-	-	SMB::EIoT	4, 24	-	-	-	-	-	bro	Notice::ACTION_LOG	3600.000000	F	-	-	-	-	-
1517337800.479384	-	-	-	-	-	-	-	-	-	SMB::EIoT	4, 136	-	-	-	-	-	bro	Notice::ACTION_LOG	3600.000000	F	-	-	-	-	-
1517337800.479860	-	-	-	-	-	-	-	-	-	SMB::EIoT	0, 24	-	-	-	-	-	bro	Notice::ACTION_LOG	3600.000000	F	-	-	-	-	-
1517337800.481508	-	-	-	-	-	-	-	-	-	SMB::EIoT	0, 136	-	-	-	-	-	bro	Notice::ACTION_LOG	3600.000000	F	-	-	-	-	-
1517337800.481810	-	-	-	-	-	-	-	-	-	SMB::EIoT	162, 24	-	-	-	-	-	bro	Notice::ACTION_LOG	3600.000000	F	-	-	-	-	-
1517337800.483158	-	-	-	-	-	-	-	-	-	SMB::EIoT	162, 136	-	-	-	-	-	bro	Notice::ACTION_LOG	3600.000000	F	-	-	-	-	-
1517337800.483449	-	-	-	-	-	-	-	-	-	SMB::EIoT	50, 24	-	-	-	-	-	bro	Notice::ACTION_LOG	3600.000000	F	-	-	-	-	-
1517337800.483846	-	-	-	-	-	-	-	-	-	SMB::EIoT	50, 136	-	-	-	-	-	bro	Notice::ACTION_LOG	3600.000000	F	-	-	-	-	-
1517337800.484076	-	-	-	-	-	-	-	-	-	SMB::EIoT	46, 24	-	-	-	-	-	bro	Notice::ACTION_LOG	3600.000000	F	-	-	-	-	-
1517337800.484407	-	-	-	-	-	-	-	-	-	SMB::EIoT	46, 136	-	-	-	-	-	bro	Notice::ACTION_LOG	3600.000000	F	-	-	-	-	-
1517337800.484606	-	-	-	-	-	-	-	-	-	SMB::EIoT	4, 24	-	-	-	-	-	bro	Notice::ACTION_LOG	3600.000000	F	-	-	-	-	-
1517337800.485225	-	-	-	-	-	-	-	-	-	SMB::EIoT	4, 136	-	-	-	-	-	bro	Notice::ACTION_LOG	3600.000000	F	-	-	-	-	-
1517337800.485476	-	-	-	-	-	-	-	-	-	SMB::EIoT	50, 24	-	-	-	-	-	bro	Notice::ACTION_LOG	3600.000000	F	-	-	-	-	-
1517337800.485853	-	-	-	-	-	-	-	-	-	SMB::EIoT	50, 136	-	-	-	-	-	bro	Notice::ACTION_LOG	3600.000000	F	-	-	-	-	-
1517337800.486068	-	-	-	-	-	-	-	-	-	SMB::EIoT	50, 24	-	-	-	-	-	bro	Notice::ACTION_LOG	3600.000000	F	-	-	-	-	-
1517337800.486467	-	-	-	-	-	-	-	-	-	SMB::EIoT	50, 136	-	-	-	-	-	bro	Notice::ACTION_LOG	3600.000000	F	-	-	-	-	-
1517337800.486670	-	-	-	-	-	-	-	-	-	SMB::EIoT	50, 24	-	-	-	-	-	bro	Notice::ACTION_LOG	3600.000000	F	-	-	-	-	-
1517337800.487031	-	-	-	-	-	-	-	-	-	SMB::EIoT	50, 136	-	-	-	-	-	bro	Notice::ACTION_LOG	3600.000000	F	-	-	-	-	-
1517337800.487315	-	-	-	-	-	-	-	-	-	SMB::EIoT	50, 24	-	-	-	-	-	bro	Notice::ACTION_LOG	3600.000000	F	-	-	-	-	-
1517337800.487704	-	-	-	-	-	-	-	-	-	SMB::EIoT	50, 136	-	-	-	-	-	bro	Notice::ACTION_LOG	3600.000000	F	-	-	-	-	-
1517337800.487915	-	-	-	-	-	-	-	-	-	SMB::EIoT	162, 24	-	-	-	-	-	bro	Notice::ACTION_LOG	3600.000000	F	-	-	-	-	-
1517337800.489267	-	-	-	-	-	-	-	-	-	SMB::EIoT	162, 136	-	-	-	-	-	bro	Notice::ACTION_LOG	3600.000000	F	-	-	-	-	-
1517337800.489473	-	-	-	-	-	-	-	-	-	SMB::EIoT	160, 24	-	-	-	-	-	bro	Notice::ACTION_LOG	3600.000000	F	-	-	-	-	-
1517337800.489762	-	-	-	-	-	-	-	-	-	SMB::EIoT	160, 136	-	-	-	-	-	bro	Notice::ACTION_LOG	3600.000000	F	-	-	-	-	-
1517337800.489942	-	-	-	-	-	-	-	-	-	SMB::EIoT	4, 24	-	-	-	-	-	bro	Notice::ACTION_LOG	3600.000000	F	-	-	-	-	-
1517337800.490331	-	-	-	-	-	-	-	-	-	SMB::EIoT	4, 136	-	-	-	-	-	bro	Notice::ACTION_LOG	3600.000000	F	-	-	-	-	-
1517337800.490526	-	-	-	-	-	-	-	-	-	SMB::EIoT	50, 24	-	-	-	-	-	bro	Notice::ACTION_LOG	3600.000000	F	-	-	-	-	-
1517337800.491199	-	-	-	-	-	-	-	-	-	SMB::EIoT	50, 136	-	-	-	-	-	bro	Notice::ACTION_LOG	3600.000000	F	-	-	-	-	-
1517337800.491393	-	-	-	-	-	-	-	-	-	SMB::EIoT	6, 24	-	-	-	-	-	bro	Notice::ACTION_LOG	3600.000000	F	-	-	-	-	-
1517337800.493915	-	-	-	-	-	-	-	-	-	SMB::EIoT	6, 136	-	-	-	-	-	bro	Notice::ACTION_LOG	3600.000000	F	-	-	-	-	-
1517337800.494146	-	-	-	-	-	-	-	-	-	SMB::EIoT	1, 24	-	-	-	-	-	bro	Notice::ACTION_LOG	3600.000000	F	-	-	-	-	-
1517337800.496478	-	-	-	-	-	-	-	-	-	SMB::EIoT	1, 136	-	-	-	-	-	bro	Notice::ACTION_LOG	3600.000000	F	-	-	-	-	-
1517337800.496889	-	-	-	-	-	-	-	-	-	SMB::EIoT	162, 24	-	-	-	-	-	bro	Notice::ACTION_LOG	3600.000000	F	-	-	-	-	-
1517337800.498922	-	-	-	-	-	-	-	-	-	SMB::EIoT	162, 136	-	-	-	-	-	bro	Notice::ACTION_LOG	3600.000000	F	-	-	-	-	-
1517337800.499162	-	-	-	-	-	-	-	-	-	SMB::EIoT	47, 24	-	-	-	-	-	bro	Notice::ACTION_LOG	3600.000000	F	-	-	-	-	-
1517337800.499533	-	-	-	-	-	-	-	-	-	SMB::EIoT	47, 136	-	-	-	-	-	bro	Notice::ACTION_LOG	3600.000000	F	-	-	-	-	-
1517337800.499728	-	-	-	-	-	-	-	-	-	SMB::EIoT	4, 24	-	-	-	-	-	bro	Notice::ACTION_LOG	3600.000000	F	-	-	-	-	-
1517337800.500158	-	-	-	-	-	-	-	-	-	SMB::EIoT	4, 136	-	-	-	-	-	bro	Notice::ACTION_LOG	3600.000000	F	-	-	-	-	-
1517337800.500409	-	-	-	-	-	-	-	-	-	SMB::EIoT	0, 24	-	-	-	-	-	bro	Notice::ACTION_LOG	3600.000000	F	-	-	-	-	-
1517337800.501091	-	-	-	-	-	-	-	-	-	SMB::EIoT	0, 136	-	-	-	-	-	bro	Notice::ACTION_LOG	3600.000000	F	-	-	-	-	-
1517337800.501308	-	-	-	-	-	-	-	-	-	SMB::EIoT	162, 24	-	-	-	-	-	bro	Notice::ACTION_LOG	3600.000000	F	-	-	-	-	-
1517337800.503233	-	-	-	-	-	-	-	-	-	SMB::EIoT	162, 136	-	-	-	-	-	bro	Notice::ACTION_LOG	3600.000000	F	-	-	-	-	-
1517337800.503505	-	-	-	-	-	-	-	-	-	SMB::EIoT	50, 24	-	-	-	-	-	bro	Notice::ACTION_LOG	3600.000000	F	-	-	-	-	-
1517337800.503977	-	-	-	-	-	-	-	-	-	SMB::EIoT	50, 136	-	-	-	-	-	bro	Notice::ACTION_LOG	3600.000000	F	-	-	-	-	-
1517337800.504217	-	-	-	-	-	-	-	-	-	SMB::EIoT	46, 24	-	-	-	-	-	bro	Notice::ACTION_LOG	3600.000000	F	-	-	-	-	-
1517337800.504648	-	-	-	-	-	-	-	-	-	SMB::EIoT	46, 136	-	-	-	-	-	bro	Notice::ACTION_LOG	3600.000000	F	-	-	-	-	-
1517337800.504866	-	-	-	-	-	-	-	-	-	SMB::EIoT	4, 24	-	-	-	-	-	bro	Notice::ACTION_LOG	3600.000000	F	-	-	-	-	-
1517337800.505687	-	-	-	-	-	-	-	-	-	SMB::EIoT	4, 136	-	-	-	-	-	bro	Notice::ACTION_LOG	3600.000000	F	-	-	-	-	-
1517337800.506030	-	-	-	-	-	-	-	-	-	SMB::EIoT	1, 24	-	-	-	-	-	bro	Notice::ACTION_LOG	3600.000000	F	-	-	-	-	-
1517337800.509300	-	-	-	-	-	-	-	-	-	SMB::EIoT	1, 136	-	-	-	-	-	bro	Notice::ACTION_LOG	3600.000000	F	-	-	-	-	-
1517337800.509617	-	-	-	-	-	-	-	-	-	SMB::EIoT	113, 24	-	-	-	-	-	bro	Notice::ACTION_LOG	3600.000000	F	-	-	-	-	-
1517337800.509911	-	-	-	-	-	-	-	-	-	SMB::EIoT	113, 136	-	-	-	-	-	bro	Notice::ACTION_LOG	3600.000000	F	-	-	-	-	-
#close	2018-02-01-16-04-04
