#separator \x09
#set_separator	,
#empty_field	(empty)
#unset_field	-
#path	notice
#open	2018-02-01-16-24-42
#fields	ts	uid	id.orig_h	id.orig_p	id.resp_h	id.resp_p	fuid	file_mime_type	file_desc	proto	note	msg	sub	src	dst	p	n	peer_descr	actions	suppress_for	dropped	remote_location.country_code	remote_location.region	remote_location.city	remote_location.latitude	remote_location.longitude
#types	time	string	addr	port	addr	port	string	string	string	enum	enum	string	string	addr	addr	port	count	string	set[enum]	interval	bool	string	string	string	double	double
1517337865.650505	-	-	-	-	-	-	-	-	-	SMB::EIoT	114, 24	-	-	-	-	-	bro	Notice::ACTION_LOG	3600.000000	F	-	-	-	-	-
1517337865.654155	-	-	-	-	-	-	-	-	-	SMB::EIoT	114, 136	-	-	-	-	-	bro	Notice::ACTION_LOG	3600.000000	F	-	-	-	-	-
1517337865.655301	-	-	-	-	-	-	-	-	-	SMB::EIoT	115, 24	-	-	-	-	-	bro	Notice::ACTION_LOG	3600.000000	F	-	-	-	-	-
1517337865.657168	-	-	-	-	-	-	-	-	-	SMB::EIoT	115, 136	-	-	-	-	-	bro	Notice::ACTION_LOG	3600.000000	F	-	-	-	-	-
1517337865.657499	-	-	-	-	-	-	-	-	-	SMB::EIoT	115, 24	-	-	-	-	-	bro	Notice::ACTION_LOG	3600.000000	F	-	-	-	-	-
1517337865.664385	-	-	-	-	-	-	-	-	-	SMB::EIoT	115, 136	-	-	-	-	-	bro	Notice::ACTION_LOG	3600.000000	F	-	-	-	-	-
1517337865.664675	-	-	-	-	-	-	-	-	-	SMB::EIoT	117, 24	-	-	-	-	-	bro	Notice::ACTION_LOG	3600.000000	F	-	-	-	-	-
1517337865.666051	-	-	-	-	-	-	-	-	-	SMB::EIoT	117, 136	-	-	-	-	-	bro	Notice::ACTION_LOG	3600.000000	F	-	-	-	-	-
1517337865.666326	-	-	-	-	-	-	-	-	-	SMB::EIoT	50, 24	-	-	-	-	-	bro	Notice::ACTION_LOG	3600.000000	F	-	-	-	-	-
1517337865.667137	-	-	-	-	-	-	-	-	-	SMB::EIoT	50, 136	-	-	-	-	-	bro	Notice::ACTION_LOG	3600.000000	F	-	-	-	-	-
1517337865.667365	-	-	-	-	-	-	-	-	-	SMB::EIoT	113, 24	-	-	-	-	-	bro	Notice::ACTION_LOG	3600.000000	F	-	-	-	-	-
1517337865.667664	-	-	-	-	-	-	-	-	-	SMB::EIoT	113, 136	-	-	-	-	-	bro	Notice::ACTION_LOG	3600.000000	F	-	-	-	-	-
1517337865.667882	-	-	-	-	-	-	-	-	-	SMB::EIoT	117, 24	-	-	-	-	-	bro	Notice::ACTION_LOG	3600.000000	F	-	-	-	-	-
1517337865.670399	-	-	-	-	-	-	-	-	-	SMB::EIoT	117, 136	-	-	-	-	-	bro	Notice::ACTION_LOG	3600.000000	F	-	-	-	-	-
1517337865.670638	-	-	-	-	-	-	-	-	-	SMB::EIoT	162, 24	-	-	-	-	-	bro	Notice::ACTION_LOG	3600.000000	F	-	-	-	-	-
1517337865.673482	-	-	-	-	-	-	-	-	-	SMB::EIoT	162, 136	-	-	-	-	-	bro	Notice::ACTION_LOG	3600.000000	F	-	-	-	-	-
1517337865.673786	-	-	-	-	-	-	-	-	-	SMB::EIoT	47, 24	-	-	-	-	-	bro	Notice::ACTION_LOG	3600.000000	F	-	-	-	-	-
1517337865.674293	-	-	-	-	-	-	-	-	-	SMB::EIoT	47, 136	-	-	-	-	-	bro	Notice::ACTION_LOG	3600.000000	F	-	-	-	-	-
1517337865.674518	-	-	-	-	-	-	-	-	-	SMB::EIoT	4, 24	-	-	-	-	-	bro	Notice::ACTION_LOG	3600.000000	F	-	-	-	-	-
1517337865.675880	-	-	-	-	-	-	-	-	-	SMB::EIoT	4, 136	-	-	-	-	-	bro	Notice::ACTION_LOG	3600.000000	F	-	-	-	-	-
1517337865.676215	-	-	-	-	-	-	-	-	-	SMB::EIoT	0, 24	-	-	-	-	-	bro	Notice::ACTION_LOG	3600.000000	F	-	-	-	-	-
1517337865.676506	-	-	-	-	-	-	-	-	-	SMB::EIoT	0, 136	-	-	-	-	-	bro	Notice::ACTION_LOG	3600.000000	F	-	-	-	-	-
1517337865.676752	-	-	-	-	-	-	-	-	-	SMB::EIoT	162, 24	-	-	-	-	-	bro	Notice::ACTION_LOG	3600.000000	F	-	-	-	-	-
1517337865.678175	-	-	-	-	-	-	-	-	-	SMB::EIoT	162, 136	-	-	-	-	-	bro	Notice::ACTION_LOG	3600.000000	F	-	-	-	-	-
1517337865.678404	-	-	-	-	-	-	-	-	-	SMB::EIoT	50, 24	-	-	-	-	-	bro	Notice::ACTION_LOG	3600.000000	F	-	-	-	-	-
1517337865.678807	-	-	-	-	-	-	-	-	-	SMB::EIoT	50, 136	-	-	-	-	-	bro	Notice::ACTION_LOG	3600.000000	F	-	-	-	-	-
1517337865.679005	-	-	-	-	-	-	-	-	-	SMB::EIoT	46, 24	-	-	-	-	-	bro	Notice::ACTION_LOG	3600.000000	F	-	-	-	-	-
1517337865.679344	-	-	-	-	-	-	-	-	-	SMB::EIoT	46, 136	-	-	-	-	-	bro	Notice::ACTION_LOG	3600.000000	F	-	-	-	-	-
1517337865.679536	-	-	-	-	-	-	-	-	-	SMB::EIoT	4, 24	-	-	-	-	-	bro	Notice::ACTION_LOG	3600.000000	F	-	-	-	-	-
1517337865.680178	-	-	-	-	-	-	-	-	-	SMB::EIoT	4, 136	-	-	-	-	-	bro	Notice::ACTION_LOG	3600.000000	F	-	-	-	-	-
1517337865.680428	-	-	-	-	-	-	-	-	-	SMB::EIoT	50, 24	-	-	-	-	-	bro	Notice::ACTION_LOG	3600.000000	F	-	-	-	-	-
1517337865.680930	-	-	-	-	-	-	-	-	-	SMB::EIoT	50, 136	-	-	-	-	-	bro	Notice::ACTION_LOG	3600.000000	F	-	-	-	-	-
1517337865.681152	-	-	-	-	-	-	-	-	-	SMB::EIoT	50, 24	-	-	-	-	-	bro	Notice::ACTION_LOG	3600.000000	F	-	-	-	-	-
1517337865.681698	-	-	-	-	-	-	-	-	-	SMB::EIoT	50, 136	-	-	-	-	-	bro	Notice::ACTION_LOG	3600.000000	F	-	-	-	-	-
1517337865.681896	-	-	-	-	-	-	-	-	-	SMB::EIoT	50, 24	-	-	-	-	-	bro	Notice::ACTION_LOG	3600.000000	F	-	-	-	-	-
1517337865.682375	-	-	-	-	-	-	-	-	-	SMB::EIoT	50, 136	-	-	-	-	-	bro	Notice::ACTION_LOG	3600.000000	F	-	-	-	-	-
1517337865.682685	-	-	-	-	-	-	-	-	-	SMB::EIoT	50, 24	-	-	-	-	-	bro	Notice::ACTION_LOG	3600.000000	F	-	-	-	-	-
1517337865.683225	-	-	-	-	-	-	-	-	-	SMB::EIoT	50, 136	-	-	-	-	-	bro	Notice::ACTION_LOG	3600.000000	F	-	-	-	-	-
1517337865.683497	-	-	-	-	-	-	-	-	-	SMB::EIoT	162, 24	-	-	-	-	-	bro	Notice::ACTION_LOG	3600.000000	F	-	-	-	-	-
1517337865.685910	-	-	-	-	-	-	-	-	-	SMB::EIoT	162, 136	-	-	-	-	-	bro	Notice::ACTION_LOG	3600.000000	F	-	-	-	-	-
1517337865.686366	-	-	-	-	-	-	-	-	-	SMB::EIoT	160, 24	-	-	-	-	-	bro	Notice::ACTION_LOG	3600.000000	F	-	-	-	-	-
1517337865.686744	-	-	-	-	-	-	-	-	-	SMB::EIoT	160, 136	-	-	-	-	-	bro	Notice::ACTION_LOG	3600.000000	F	-	-	-	-	-
1517337865.687035	-	-	-	-	-	-	-	-	-	SMB::EIoT	4, 24	-	-	-	-	-	bro	Notice::ACTION_LOG	3600.000000	F	-	-	-	-	-
1517337865.687512	-	-	-	-	-	-	-	-	-	SMB::EIoT	4, 136	-	-	-	-	-	bro	Notice::ACTION_LOG	3600.000000	F	-	-	-	-	-
1517337865.687752	-	-	-	-	-	-	-	-	-	SMB::EIoT	50, 24	-	-	-	-	-	bro	Notice::ACTION_LOG	3600.000000	F	-	-	-	-	-
1517337865.688519	-	-	-	-	-	-	-	-	-	SMB::EIoT	50, 136	-	-	-	-	-	bro	Notice::ACTION_LOG	3600.000000	F	-	-	-	-	-
1517337865.688737	-	-	-	-	-	-	-	-	-	SMB::EIoT	6, 24	-	-	-	-	-	bro	Notice::ACTION_LOG	3600.000000	F	-	-	-	-	-
1517337865.691326	-	-	-	-	-	-	-	-	-	SMB::EIoT	6, 136	-	-	-	-	-	bro	Notice::ACTION_LOG	3600.000000	F	-	-	-	-	-
1517337865.691549	-	-	-	-	-	-	-	-	-	SMB::EIoT	1, 24	-	-	-	-	-	bro	Notice::ACTION_LOG	3600.000000	F	-	-	-	-	-
1517337865.693923	-	-	-	-	-	-	-	-	-	SMB::EIoT	1, 136	-	-	-	-	-	bro	Notice::ACTION_LOG	3600.000000	F	-	-	-	-	-
1517337865.694300	-	-	-	-	-	-	-	-	-	SMB::EIoT	162, 24	-	-	-	-	-	bro	Notice::ACTION_LOG	3600.000000	F	-	-	-	-	-
1517337865.696035	-	-	-	-	-	-	-	-	-	SMB::EIoT	162, 136	-	-	-	-	-	bro	Notice::ACTION_LOG	3600.000000	F	-	-	-	-	-
1517337865.696289	-	-	-	-	-	-	-	-	-	SMB::EIoT	47, 24	-	-	-	-	-	bro	Notice::ACTION_LOG	3600.000000	F	-	-	-	-	-
1517337865.696664	-	-	-	-	-	-	-	-	-	SMB::EIoT	47, 136	-	-	-	-	-	bro	Notice::ACTION_LOG	3600.000000	F	-	-	-	-	-
1517337865.696873	-	-	-	-	-	-	-	-	-	SMB::EIoT	4, 24	-	-	-	-	-	bro	Notice::ACTION_LOG	3600.000000	F	-	-	-	-	-
1517337865.697836	-	-	-	-	-	-	-	-	-	SMB::EIoT	4, 136	-	-	-	-	-	bro	Notice::ACTION_LOG	3600.000000	F	-	-	-	-	-
1517337865.698082	-	-	-	-	-	-	-	-	-	SMB::EIoT	0, 24	-	-	-	-	-	bro	Notice::ACTION_LOG	3600.000000	F	-	-	-	-	-
1517337865.699990	-	-	-	-	-	-	-	-	-	SMB::EIoT	0, 136	-	-	-	-	-	bro	Notice::ACTION_LOG	3600.000000	F	-	-	-	-	-
1517337865.700216	-	-	-	-	-	-	-	-	-	SMB::EIoT	162, 24	-	-	-	-	-	bro	Notice::ACTION_LOG	3600.000000	F	-	-	-	-	-
1517337865.702231	-	-	-	-	-	-	-	-	-	SMB::EIoT	162, 136	-	-	-	-	-	bro	Notice::ACTION_LOG	3600.000000	F	-	-	-	-	-
1517337865.702624	-	-	-	-	-	-	-	-	-	SMB::EIoT	50, 24	-	-	-	-	-	bro	Notice::ACTION_LOG	3600.000000	F	-	-	-	-	-
1517337865.703011	-	-	-	-	-	-	-	-	-	SMB::EIoT	50, 136	-	-	-	-	-	bro	Notice::ACTION_LOG	3600.000000	F	-	-	-	-	-
1517337865.703228	-	-	-	-	-	-	-	-	-	SMB::EIoT	46, 24	-	-	-	-	-	bro	Notice::ACTION_LOG	3600.000000	F	-	-	-	-	-
1517337865.703580	-	-	-	-	-	-	-	-	-	SMB::EIoT	46, 136	-	-	-	-	-	bro	Notice::ACTION_LOG	3600.000000	F	-	-	-	-	-
1517337865.703795	-	-	-	-	-	-	-	-	-	SMB::EIoT	4, 24	-	-	-	-	-	bro	Notice::ACTION_LOG	3600.000000	F	-	-	-	-	-
1517337865.704669	-	-	-	-	-	-	-	-	-	SMB::EIoT	4, 136	-	-	-	-	-	bro	Notice::ACTION_LOG	3600.000000	F	-	-	-	-	-
1517337865.704958	-	-	-	-	-	-	-	-	-	SMB::EIoT	1, 24	-	-	-	-	-	bro	Notice::ACTION_LOG	3600.000000	F	-	-	-	-	-
1517337865.706183	-	-	-	-	-	-	-	-	-	SMB::EIoT	1, 136	-	-	-	-	-	bro	Notice::ACTION_LOG	3600.000000	F	-	-	-	-	-
1517337865.706582	-	-	-	-	-	-	-	-	-	SMB::EIoT	162, 24	-	-	-	-	-	bro	Notice::ACTION_LOG	3600.000000	F	-	-	-	-	-
1517337865.708131	-	-	-	-	-	-	-	-	-	SMB::EIoT	162, 136	-	-	-	-	-	bro	Notice::ACTION_LOG	3600.000000	F	-	-	-	-	-
1517337865.708386	-	-	-	-	-	-	-	-	-	SMB::EIoT	47, 24	-	-	-	-	-	bro	Notice::ACTION_LOG	3600.000000	F	-	-	-	-	-
1517337865.708735	-	-	-	-	-	-	-	-	-	SMB::EIoT	47, 136	-	-	-	-	-	bro	Notice::ACTION_LOG	3600.000000	F	-	-	-	-	-
1517337865.708917	-	-	-	-	-	-	-	-	-	SMB::EIoT	4, 24	-	-	-	-	-	bro	Notice::ACTION_LOG	3600.000000	F	-	-	-	-	-
1517337865.709874	-	-	-	-	-	-	-	-	-	SMB::EIoT	4, 136	-	-	-	-	-	bro	Notice::ACTION_LOG	3600.000000	F	-	-	-	-	-
1517337865.710092	-	-	-	-	-	-	-	-	-	SMB::EIoT	0, 24	-	-	-	-	-	bro	Notice::ACTION_LOG	3600.000000	F	-	-	-	-	-
1517337865.711518	-	-	-	-	-	-	-	-	-	SMB::EIoT	0, 136	-	-	-	-	-	bro	Notice::ACTION_LOG	3600.000000	F	-	-	-	-	-
1517337865.711718	-	-	-	-	-	-	-	-	-	SMB::EIoT	162, 24	-	-	-	-	-	bro	Notice::ACTION_LOG	3600.000000	F	-	-	-	-	-
1517337865.778597	-	-	-	-	-	-	-	-	-	SMB::EIoT	162, 136	-	-	-	-	-	bro	Notice::ACTION_LOG	3600.000000	F	-	-	-	-	-
1517337865.779057	-	-	-	-	-	-	-	-	-	SMB::EIoT	47, 24	-	-	-	-	-	bro	Notice::ACTION_LOG	3600.000000	F	-	-	-	-	-
1517337865.779272	-	-	-	-	-	-	-	-	-	SMB::EIoT	47, 136	-	-	-	-	-	bro	Notice::ACTION_LOG	3600.000000	F	-	-	-	-	-
1517337865.779491	-	-	-	-	-	-	-	-	-	SMB::EIoT	4, 24	-	-	-	-	-	bro	Notice::ACTION_LOG	3600.000000	F	-	-	-	-	-
1517337865.779995	-	-	-	-	-	-	-	-	-	SMB::EIoT	4, 136	-	-	-	-	-	bro	Notice::ACTION_LOG	3600.000000	F	-	-	-	-	-
1517337865.780299	-	-	-	-	-	-	-	-	-	SMB::EIoT	0, 24	-	-	-	-	-	bro	Notice::ACTION_LOG	3600.000000	F	-	-	-	-	-
1517337865.780650	-	-	-	-	-	-	-	-	-	SMB::EIoT	0, 136	-	-	-	-	-	bro	Notice::ACTION_LOG	3600.000000	F	-	-	-	-	-
1517337865.780897	-	-	-	-	-	-	-	-	-	SMB::EIoT	162, 24	-	-	-	-	-	bro	Notice::ACTION_LOG	3600.000000	F	-	-	-	-	-
1517337865.782985	-	-	-	-	-	-	-	-	-	SMB::EIoT	162, 136	-	-	-	-	-	bro	Notice::ACTION_LOG	3600.000000	F	-	-	-	-	-
1517337865.783231	-	-	-	-	-	-	-	-	-	SMB::EIoT	47, 24	-	-	-	-	-	bro	Notice::ACTION_LOG	3600.000000	F	-	-	-	-	-
1517337865.783608	-	-	-	-	-	-	-	-	-	SMB::EIoT	47, 136	-	-	-	-	-	bro	Notice::ACTION_LOG	3600.000000	F	-	-	-	-	-
1517337865.783806	-	-	-	-	-	-	-	-	-	SMB::EIoT	4, 24	-	-	-	-	-	bro	Notice::ACTION_LOG	3600.000000	F	-	-	-	-	-
1517337865.784765	-	-	-	-	-	-	-	-	-	SMB::EIoT	4, 136	-	-	-	-	-	bro	Notice::ACTION_LOG	3600.000000	F	-	-	-	-	-
1517337865.785008	-	-	-	-	-	-	-	-	-	SMB::EIoT	0, 24	-	-	-	-	-	bro	Notice::ACTION_LOG	3600.000000	F	-	-	-	-	-
1517337865.785257	-	-	-	-	-	-	-	-	-	SMB::EIoT	0, 136	-	-	-	-	-	bro	Notice::ACTION_LOG	3600.000000	F	-	-	-	-	-
1517337865.785488	-	-	-	-	-	-	-	-	-	SMB::EIoT	162, 24	-	-	-	-	-	bro	Notice::ACTION_LOG	3600.000000	F	-	-	-	-	-
1517337865.786957	-	-	-	-	-	-	-	-	-	SMB::EIoT	162, 136	-	-	-	-	-	bro	Notice::ACTION_LOG	3600.000000	F	-	-	-	-	-
1517337865.787180	-	-	-	-	-	-	-	-	-	SMB::EIoT	47, 24	-	-	-	-	-	bro	Notice::ACTION_LOG	3600.000000	F	-	-	-	-	-
1517337865.787529	-	-	-	-	-	-	-	-	-	SMB::EIoT	47, 136	-	-	-	-	-	bro	Notice::ACTION_LOG	3600.000000	F	-	-	-	-	-
1517337865.787731	-	-	-	-	-	-	-	-	-	SMB::EIoT	4, 24	-	-	-	-	-	bro	Notice::ACTION_LOG	3600.000000	F	-	-	-	-	-
1517337865.788546	-	-	-	-	-	-	-	-	-	SMB::EIoT	4, 136	-	-	-	-	-	bro	Notice::ACTION_LOG	3600.000000	F	-	-	-	-	-
1517337865.788796	-	-	-	-	-	-	-	-	-	SMB::EIoT	0, 24	-	-	-	-	-	bro	Notice::ACTION_LOG	3600.000000	F	-	-	-	-	-
1517337865.788963	-	-	-	-	-	-	-	-	-	SMB::EIoT	0, 136	-	-	-	-	-	bro	Notice::ACTION_LOG	3600.000000	F	-	-	-	-	-
1517337865.789194	-	-	-	-	-	-	-	-	-	SMB::EIoT	162, 24	-	-	-	-	-	bro	Notice::ACTION_LOG	3600.000000	F	-	-	-	-	-
1517337865.790261	-	-	-	-	-	-	-	-	-	SMB::EIoT	162, 136	-	-	-	-	-	bro	Notice::ACTION_LOG	3600.000000	F	-	-	-	-	-
1517337865.790567	-	-	-	-	-	-	-	-	-	SMB::EIoT	47, 24	-	-	-	-	-	bro	Notice::ACTION_LOG	3600.000000	F	-	-	-	-	-
1517337865.790810	-	-	-	-	-	-	-	-	-	SMB::EIoT	47, 136	-	-	-	-	-	bro	Notice::ACTION_LOG	3600.000000	F	-	-	-	-	-
1517337865.791040	-	-	-	-	-	-	-	-	-	SMB::EIoT	4, 24	-	-	-	-	-	bro	Notice::ACTION_LOG	3600.000000	F	-	-	-	-	-
1517337865.791714	-	-	-	-	-	-	-	-	-	SMB::EIoT	4, 136	-	-	-	-	-	bro	Notice::ACTION_LOG	3600.000000	F	-	-	-	-	-
1517337865.792029	-	-	-	-	-	-	-	-	-	SMB::EIoT	0, 24	-	-	-	-	-	bro	Notice::ACTION_LOG	3600.000000	F	-	-	-	-	-
1517337865.792201	-	-	-	-	-	-	-	-	-	SMB::EIoT	0, 136	-	-	-	-	-	bro	Notice::ACTION_LOG	3600.000000	F	-	-	-	-	-
1517337865.792505	-	-	-	-	-	-	-	-	-	SMB::EIoT	113, 24	-	-	-	-	-	bro	Notice::ACTION_LOG	3600.000000	F	-	-	-	-	-
1517337865.792964	-	-	-	-	-	-	-	-	-	SMB::EIoT	113, 136	-	-	-	-	-	bro	Notice::ACTION_LOG	3600.000000	F	-	-	-	-	-
#close	2018-02-01-16-24-42
