#separator \x09
#set_separator	,
#empty_field	(empty)
#unset_field	-
#path	notice
#open	2018-02-01-16-33-47
#fields	ts	uid	id.orig_h	id.orig_p	id.resp_h	id.resp_p	fuid	file_mime_type	file_desc	proto	note	msg	sub	src	dst	p	n	peer_descr	actions	suppress_for	dropped	remote_location.country_code	remote_location.region	remote_location.city	remote_location.latitude	remote_location.longitude
#types	time	string	addr	port	addr	port	string	string	string	enum	enum	string	string	addr	addr	port	count	string	set[enum]	interval	bool	string	string	string	double	double
1517337898.922795	-	-	-	-	-	-	-	-	-	SMB::EIoT	114, 24	-	-	-	-	-	bro	Notice::ACTION_LOG	3600.000000	F	-	-	-	-	-
1517337898.926625	-	-	-	-	-	-	-	-	-	SMB::EIoT	114, 136	-	-	-	-	-	bro	Notice::ACTION_LOG	3600.000000	F	-	-	-	-	-
1517337898.927892	-	-	-	-	-	-	-	-	-	SMB::EIoT	115, 24	-	-	-	-	-	bro	Notice::ACTION_LOG	3600.000000	F	-	-	-	-	-
1517337898.930574	-	-	-	-	-	-	-	-	-	SMB::EIoT	115, 136	-	-	-	-	-	bro	Notice::ACTION_LOG	3600.000000	F	-	-	-	-	-
1517337898.930940	-	-	-	-	-	-	-	-	-	SMB::EIoT	115, 24	-	-	-	-	-	bro	Notice::ACTION_LOG	3600.000000	F	-	-	-	-	-
1517337898.939694	-	-	-	-	-	-	-	-	-	SMB::EIoT	115, 136	-	-	-	-	-	bro	Notice::ACTION_LOG	3600.000000	F	-	-	-	-	-
1517337898.940005	-	-	-	-	-	-	-	-	-	SMB::EIoT	117, 24	-	-	-	-	-	bro	Notice::ACTION_LOG	3600.000000	F	-	-	-	-	-
1517337898.943391	-	-	-	-	-	-	-	-	-	SMB::EIoT	117, 136	-	-	-	-	-	bro	Notice::ACTION_LOG	3600.000000	F	-	-	-	-	-
1517337898.943632	-	-	-	-	-	-	-	-	-	SMB::EIoT	50, 24	-	-	-	-	-	bro	Notice::ACTION_LOG	3600.000000	F	-	-	-	-	-
1517337898.944382	-	-	-	-	-	-	-	-	-	SMB::EIoT	50, 136	-	-	-	-	-	bro	Notice::ACTION_LOG	3600.000000	F	-	-	-	-	-
1517337898.944580	-	-	-	-	-	-	-	-	-	SMB::EIoT	113, 24	-	-	-	-	-	bro	Notice::ACTION_LOG	3600.000000	F	-	-	-	-	-
1517337898.944868	-	-	-	-	-	-	-	-	-	SMB::EIoT	113, 136	-	-	-	-	-	bro	Notice::ACTION_LOG	3600.000000	F	-	-	-	-	-
1517337898.945069	-	-	-	-	-	-	-	-	-	SMB::EIoT	117, 24	-	-	-	-	-	bro	Notice::ACTION_LOG	3600.000000	F	-	-	-	-	-
1517337898.947067	-	-	-	-	-	-	-	-	-	SMB::EIoT	117, 136	-	-	-	-	-	bro	Notice::ACTION_LOG	3600.000000	F	-	-	-	-	-
1517337898.947317	-	-	-	-	-	-	-	-	-	SMB::EIoT	162, 24	-	-	-	-	-	bro	Notice::ACTION_LOG	3600.000000	F	-	-	-	-	-
1517337898.949536	-	-	-	-	-	-	-	-	-	SMB::EIoT	162, 136	-	-	-	-	-	bro	Notice::ACTION_LOG	3600.000000	F	-	-	-	-	-
1517337898.950067	-	-	-	-	-	-	-	-	-	SMB::EIoT	47, 24	-	-	-	-	-	bro	Notice::ACTION_LOG	3600.000000	F	-	-	-	-	-
1517337898.950526	-	-	-	-	-	-	-	-	-	SMB::EIoT	47, 136	-	-	-	-	-	bro	Notice::ACTION_LOG	3600.000000	F	-	-	-	-	-
1517337898.951165	-	-	-	-	-	-	-	-	-	SMB::EIoT	4, 24	-	-	-	-	-	bro	Notice::ACTION_LOG	3600.000000	F	-	-	-	-	-
1517337898.952590	-	-	-	-	-	-	-	-	-	SMB::EIoT	4, 136	-	-	-	-	-	bro	Notice::ACTION_LOG	3600.000000	F	-	-	-	-	-
1517337898.953186	-	-	-	-	-	-	-	-	-	SMB::EIoT	0, 24	-	-	-	-	-	bro	Notice::ACTION_LOG	3600.000000	F	-	-	-	-	-
1517337898.953640	-	-	-	-	-	-	-	-	-	SMB::EIoT	0, 136	-	-	-	-	-	bro	Notice::ACTION_LOG	3600.000000	F	-	-	-	-	-
1517337898.953919	-	-	-	-	-	-	-	-	-	SMB::EIoT	162, 24	-	-	-	-	-	bro	Notice::ACTION_LOG	3600.000000	F	-	-	-	-	-
1517337898.955398	-	-	-	-	-	-	-	-	-	SMB::EIoT	162, 136	-	-	-	-	-	bro	Notice::ACTION_LOG	3600.000000	F	-	-	-	-	-
1517337898.955682	-	-	-	-	-	-	-	-	-	SMB::EIoT	50, 24	-	-	-	-	-	bro	Notice::ACTION_LOG	3600.000000	F	-	-	-	-	-
1517337898.956122	-	-	-	-	-	-	-	-	-	SMB::EIoT	50, 136	-	-	-	-	-	bro	Notice::ACTION_LOG	3600.000000	F	-	-	-	-	-
1517337898.956345	-	-	-	-	-	-	-	-	-	SMB::EIoT	46, 24	-	-	-	-	-	bro	Notice::ACTION_LOG	3600.000000	F	-	-	-	-	-
1517337898.956687	-	-	-	-	-	-	-	-	-	SMB::EIoT	46, 136	-	-	-	-	-	bro	Notice::ACTION_LOG	3600.000000	F	-	-	-	-	-
1517337898.956894	-	-	-	-	-	-	-	-	-	SMB::EIoT	4, 24	-	-	-	-	-	bro	Notice::ACTION_LOG	3600.000000	F	-	-	-	-	-
1517337898.957537	-	-	-	-	-	-	-	-	-	SMB::EIoT	4, 136	-	-	-	-	-	bro	Notice::ACTION_LOG	3600.000000	F	-	-	-	-	-
1517337898.957819	-	-	-	-	-	-	-	-	-	SMB::EIoT	50, 24	-	-	-	-	-	bro	Notice::ACTION_LOG	3600.000000	F	-	-	-	-	-
1517337898.958309	-	-	-	-	-	-	-	-	-	SMB::EIoT	50, 136	-	-	-	-	-	bro	Notice::ACTION_LOG	3600.000000	F	-	-	-	-	-
1517337898.958590	-	-	-	-	-	-	-	-	-	SMB::EIoT	50, 24	-	-	-	-	-	bro	Notice::ACTION_LOG	3600.000000	F	-	-	-	-	-
1517337898.959164	-	-	-	-	-	-	-	-	-	SMB::EIoT	50, 136	-	-	-	-	-	bro	Notice::ACTION_LOG	3600.000000	F	-	-	-	-	-
1517337898.959371	-	-	-	-	-	-	-	-	-	SMB::EIoT	50, 24	-	-	-	-	-	bro	Notice::ACTION_LOG	3600.000000	F	-	-	-	-	-
1517337898.959864	-	-	-	-	-	-	-	-	-	SMB::EIoT	50, 136	-	-	-	-	-	bro	Notice::ACTION_LOG	3600.000000	F	-	-	-	-	-
1517337898.960166	-	-	-	-	-	-	-	-	-	SMB::EIoT	50, 24	-	-	-	-	-	bro	Notice::ACTION_LOG	3600.000000	F	-	-	-	-	-
1517337898.960593	-	-	-	-	-	-	-	-	-	SMB::EIoT	50, 136	-	-	-	-	-	bro	Notice::ACTION_LOG	3600.000000	F	-	-	-	-	-
1517337898.960825	-	-	-	-	-	-	-	-	-	SMB::EIoT	162, 24	-	-	-	-	-	bro	Notice::ACTION_LOG	3600.000000	F	-	-	-	-	-
1517337898.962207	-	-	-	-	-	-	-	-	-	SMB::EIoT	162, 136	-	-	-	-	-	bro	Notice::ACTION_LOG	3600.000000	F	-	-	-	-	-
1517337898.962433	-	-	-	-	-	-	-	-	-	SMB::EIoT	160, 24	-	-	-	-	-	bro	Notice::ACTION_LOG	3600.000000	F	-	-	-	-	-
1517337898.962734	-	-	-	-	-	-	-	-	-	SMB::EIoT	160, 136	-	-	-	-	-	bro	Notice::ACTION_LOG	3600.000000	F	-	-	-	-	-
1517337898.962934	-	-	-	-	-	-	-	-	-	SMB::EIoT	4, 24	-	-	-	-	-	bro	Notice::ACTION_LOG	3600.000000	F	-	-	-	-	-
1517337898.963347	-	-	-	-	-	-	-	-	-	SMB::EIoT	4, 136	-	-	-	-	-	bro	Notice::ACTION_LOG	3600.000000	F	-	-	-	-	-
1517337898.963594	-	-	-	-	-	-	-	-	-	SMB::EIoT	50, 24	-	-	-	-	-	bro	Notice::ACTION_LOG	3600.000000	F	-	-	-	-	-
1517337898.964318	-	-	-	-	-	-	-	-	-	SMB::EIoT	50, 136	-	-	-	-	-	bro	Notice::ACTION_LOG	3600.000000	F	-	-	-	-	-
1517337898.964538	-	-	-	-	-	-	-	-	-	SMB::EIoT	6, 24	-	-	-	-	-	bro	Notice::ACTION_LOG	3600.000000	F	-	-	-	-	-
1517337898.967094	-	-	-	-	-	-	-	-	-	SMB::EIoT	6, 136	-	-	-	-	-	bro	Notice::ACTION_LOG	3600.000000	F	-	-	-	-	-
1517337898.967325	-	-	-	-	-	-	-	-	-	SMB::EIoT	1, 24	-	-	-	-	-	bro	Notice::ACTION_LOG	3600.000000	F	-	-	-	-	-
1517337898.969712	-	-	-	-	-	-	-	-	-	SMB::EIoT	1, 136	-	-	-	-	-	bro	Notice::ACTION_LOG	3600.000000	F	-	-	-	-	-
1517337898.970048	-	-	-	-	-	-	-	-	-	SMB::EIoT	162, 24	-	-	-	-	-	bro	Notice::ACTION_LOG	3600.000000	F	-	-	-	-	-
1517337898.971609	-	-	-	-	-	-	-	-	-	SMB::EIoT	162, 136	-	-	-	-	-	bro	Notice::ACTION_LOG	3600.000000	F	-	-	-	-	-
1517337898.971846	-	-	-	-	-	-	-	-	-	SMB::EIoT	47, 24	-	-	-	-	-	bro	Notice::ACTION_LOG	3600.000000	F	-	-	-	-	-
1517337898.972217	-	-	-	-	-	-	-	-	-	SMB::EIoT	47, 136	-	-	-	-	-	bro	Notice::ACTION_LOG	3600.000000	F	-	-	-	-	-
1517337898.972427	-	-	-	-	-	-	-	-	-	SMB::EIoT	4, 24	-	-	-	-	-	bro	Notice::ACTION_LOG	3600.000000	F	-	-	-	-	-
1517337898.973390	-	-	-	-	-	-	-	-	-	SMB::EIoT	4, 136	-	-	-	-	-	bro	Notice::ACTION_LOG	3600.000000	F	-	-	-	-	-
1517337898.973679	-	-	-	-	-	-	-	-	-	SMB::EIoT	0, 24	-	-	-	-	-	bro	Notice::ACTION_LOG	3600.000000	F	-	-	-	-	-
1517337898.975555	-	-	-	-	-	-	-	-	-	SMB::EIoT	0, 136	-	-	-	-	-	bro	Notice::ACTION_LOG	3600.000000	F	-	-	-	-	-
1517337898.975772	-	-	-	-	-	-	-	-	-	SMB::EIoT	162, 24	-	-	-	-	-	bro	Notice::ACTION_LOG	3600.000000	F	-	-	-	-	-
1517337898.977311	-	-	-	-	-	-	-	-	-	SMB::EIoT	162, 136	-	-	-	-	-	bro	Notice::ACTION_LOG	3600.000000	F	-	-	-	-	-
1517337898.977536	-	-	-	-	-	-	-	-	-	SMB::EIoT	50, 24	-	-	-	-	-	bro	Notice::ACTION_LOG	3600.000000	F	-	-	-	-	-
1517337898.977918	-	-	-	-	-	-	-	-	-	SMB::EIoT	50, 136	-	-	-	-	-	bro	Notice::ACTION_LOG	3600.000000	F	-	-	-	-	-
1517337898.978109	-	-	-	-	-	-	-	-	-	SMB::EIoT	46, 24	-	-	-	-	-	bro	Notice::ACTION_LOG	3600.000000	F	-	-	-	-	-
1517337898.978437	-	-	-	-	-	-	-	-	-	SMB::EIoT	46, 136	-	-	-	-	-	bro	Notice::ACTION_LOG	3600.000000	F	-	-	-	-	-
1517337898.978624	-	-	-	-	-	-	-	-	-	SMB::EIoT	4, 24	-	-	-	-	-	bro	Notice::ACTION_LOG	3600.000000	F	-	-	-	-	-
1517337898.979249	-	-	-	-	-	-	-	-	-	SMB::EIoT	4, 136	-	-	-	-	-	bro	Notice::ACTION_LOG	3600.000000	F	-	-	-	-	-
1517337898.979505	-	-	-	-	-	-	-	-	-	SMB::EIoT	50, 24	-	-	-	-	-	bro	Notice::ACTION_LOG	3600.000000	F	-	-	-	-	-
1517337898.979990	-	-	-	-	-	-	-	-	-	SMB::EIoT	50, 136	-	-	-	-	-	bro	Notice::ACTION_LOG	3600.000000	F	-	-	-	-	-
1517337898.980211	-	-	-	-	-	-	-	-	-	SMB::EIoT	50, 24	-	-	-	-	-	bro	Notice::ACTION_LOG	3600.000000	F	-	-	-	-	-
1517337898.980803	-	-	-	-	-	-	-	-	-	SMB::EIoT	50, 136	-	-	-	-	-	bro	Notice::ACTION_LOG	3600.000000	F	-	-	-	-	-
1517337898.981114	-	-	-	-	-	-	-	-	-	SMB::EIoT	50, 24	-	-	-	-	-	bro	Notice::ACTION_LOG	3600.000000	F	-	-	-	-	-
1517337898.981691	-	-	-	-	-	-	-	-	-	SMB::EIoT	50, 136	-	-	-	-	-	bro	Notice::ACTION_LOG	3600.000000	F	-	-	-	-	-
1517337898.981969	-	-	-	-	-	-	-	-	-	SMB::EIoT	50, 24	-	-	-	-	-	bro	Notice::ACTION_LOG	3600.000000	F	-	-	-	-	-
1517337898.982352	-	-	-	-	-	-	-	-	-	SMB::EIoT	50, 136	-	-	-	-	-	bro	Notice::ACTION_LOG	3600.000000	F	-	-	-	-	-
1517337898.982589	-	-	-	-	-	-	-	-	-	SMB::EIoT	162, 24	-	-	-	-	-	bro	Notice::ACTION_LOG	3600.000000	F	-	-	-	-	-
1517337898.984429	-	-	-	-	-	-	-	-	-	SMB::EIoT	162, 136	-	-	-	-	-	bro	Notice::ACTION_LOG	3600.000000	F	-	-	-	-	-
1517337898.984659	-	-	-	-	-	-	-	-	-	SMB::EIoT	160, 24	-	-	-	-	-	bro	Notice::ACTION_LOG	3600.000000	F	-	-	-	-	-
1517337898.984955	-	-	-	-	-	-	-	-	-	SMB::EIoT	160, 136	-	-	-	-	-	bro	Notice::ACTION_LOG	3600.000000	F	-	-	-	-	-
1517337898.985157	-	-	-	-	-	-	-	-	-	SMB::EIoT	4, 24	-	-	-	-	-	bro	Notice::ACTION_LOG	3600.000000	F	-	-	-	-	-
1517337898.985581	-	-	-	-	-	-	-	-	-	SMB::EIoT	4, 136	-	-	-	-	-	bro	Notice::ACTION_LOG	3600.000000	F	-	-	-	-	-
1517337898.985803	-	-	-	-	-	-	-	-	-	SMB::EIoT	50, 24	-	-	-	-	-	bro	Notice::ACTION_LOG	3600.000000	F	-	-	-	-	-
1517337898.986482	-	-	-	-	-	-	-	-	-	SMB::EIoT	50, 136	-	-	-	-	-	bro	Notice::ACTION_LOG	3600.000000	F	-	-	-	-	-
1517337898.986710	-	-	-	-	-	-	-	-	-	SMB::EIoT	6, 24	-	-	-	-	-	bro	Notice::ACTION_LOG	3600.000000	F	-	-	-	-	-
1517337898.989819	-	-	-	-	-	-	-	-	-	SMB::EIoT	6, 136	-	-	-	-	-	bro	Notice::ACTION_LOG	3600.000000	F	-	-	-	-	-
1517337898.990310	-	-	-	-	-	-	-	-	-	SMB::EIoT	162, 24	-	-	-	-	-	bro	Notice::ACTION_LOG	3600.000000	F	-	-	-	-	-
1517337898.992566	-	-	-	-	-	-	-	-	-	SMB::EIoT	162, 136	-	-	-	-	-	bro	Notice::ACTION_LOG	3600.000000	F	-	-	-	-	-
1517337898.993005	-	-	-	-	-	-	-	-	-	SMB::EIoT	47, 24	-	-	-	-	-	bro	Notice::ACTION_LOG	3600.000000	F	-	-	-	-	-
1517337898.993415	-	-	-	-	-	-	-	-	-	SMB::EIoT	47, 136	-	-	-	-	-	bro	Notice::ACTION_LOG	3600.000000	F	-	-	-	-	-
1517337898.993629	-	-	-	-	-	-	-	-	-	SMB::EIoT	4, 24	-	-	-	-	-	bro	Notice::ACTION_LOG	3600.000000	F	-	-	-	-	-
1517337898.994602	-	-	-	-	-	-	-	-	-	SMB::EIoT	4, 136	-	-	-	-	-	bro	Notice::ACTION_LOG	3600.000000	F	-	-	-	-	-
1517337898.994847	-	-	-	-	-	-	-	-	-	SMB::EIoT	0, 24	-	-	-	-	-	bro	Notice::ACTION_LOG	3600.000000	F	-	-	-	-	-
1517337898.995120	-	-	-	-	-	-	-	-	-	SMB::EIoT	0, 136	-	-	-	-	-	bro	Notice::ACTION_LOG	3600.000000	F	-	-	-	-	-
1517337898.995340	-	-	-	-	-	-	-	-	-	SMB::EIoT	162, 24	-	-	-	-	-	bro	Notice::ACTION_LOG	3600.000000	F	-	-	-	-	-
1517337898.997061	-	-	-	-	-	-	-	-	-	SMB::EIoT	162, 136	-	-	-	-	-	bro	Notice::ACTION_LOG	3600.000000	F	-	-	-	-	-
1517337898.997287	-	-	-	-	-	-	-	-	-	SMB::EIoT	47, 24	-	-	-	-	-	bro	Notice::ACTION_LOG	3600.000000	F	-	-	-	-	-
1517337898.997645	-	-	-	-	-	-	-	-	-	SMB::EIoT	47, 136	-	-	-	-	-	bro	Notice::ACTION_LOG	3600.000000	F	-	-	-	-	-
1517337898.997854	-	-	-	-	-	-	-	-	-	SMB::EIoT	4, 24	-	-	-	-	-	bro	Notice::ACTION_LOG	3600.000000	F	-	-	-	-	-
1517337898.998967	-	-	-	-	-	-	-	-	-	SMB::EIoT	4, 136	-	-	-	-	-	bro	Notice::ACTION_LOG	3600.000000	F	-	-	-	-	-
1517337898.999201	-	-	-	-	-	-	-	-	-	SMB::EIoT	0, 24	-	-	-	-	-	bro	Notice::ACTION_LOG	3600.000000	F	-	-	-	-	-
1517337898.999503	-	-	-	-	-	-	-	-	-	SMB::EIoT	0, 136	-	-	-	-	-	bro	Notice::ACTION_LOG	3600.000000	F	-	-	-	-	-
1517337898.999719	-	-	-	-	-	-	-	-	-	SMB::EIoT	162, 24	-	-	-	-	-	bro	Notice::ACTION_LOG	3600.000000	F	-	-	-	-	-
1517337899.001801	-	-	-	-	-	-	-	-	-	SMB::EIoT	162, 136	-	-	-	-	-	bro	Notice::ACTION_LOG	3600.000000	F	-	-	-	-	-
1517337899.002043	-	-	-	-	-	-	-	-	-	SMB::EIoT	47, 24	-	-	-	-	-	bro	Notice::ACTION_LOG	3600.000000	F	-	-	-	-	-
1517337899.002574	-	-	-	-	-	-	-	-	-	SMB::EIoT	47, 136	-	-	-	-	-	bro	Notice::ACTION_LOG	3600.000000	F	-	-	-	-	-
1517337899.002775	-	-	-	-	-	-	-	-	-	SMB::EIoT	4, 24	-	-	-	-	-	bro	Notice::ACTION_LOG	3600.000000	F	-	-	-	-	-
1517337899.003902	-	-	-	-	-	-	-	-	-	SMB::EIoT	4, 136	-	-	-	-	-	bro	Notice::ACTION_LOG	3600.000000	F	-	-	-	-	-
1517337899.004156	-	-	-	-	-	-	-	-	-	SMB::EIoT	0, 24	-	-	-	-	-	bro	Notice::ACTION_LOG	3600.000000	F	-	-	-	-	-
1517337899.004517	-	-	-	-	-	-	-	-	-	SMB::EIoT	0, 136	-	-	-	-	-	bro	Notice::ACTION_LOG	3600.000000	F	-	-	-	-	-
1517337899.004789	-	-	-	-	-	-	-	-	-	SMB::EIoT	162, 24	-	-	-	-	-	bro	Notice::ACTION_LOG	3600.000000	F	-	-	-	-	-
1517337899.007312	-	-	-	-	-	-	-	-	-	SMB::EIoT	162, 136	-	-	-	-	-	bro	Notice::ACTION_LOG	3600.000000	F	-	-	-	-	-
1517337899.007573	-	-	-	-	-	-	-	-	-	SMB::EIoT	47, 24	-	-	-	-	-	bro	Notice::ACTION_LOG	3600.000000	F	-	-	-	-	-
1517337899.008111	-	-	-	-	-	-	-	-	-	SMB::EIoT	47, 136	-	-	-	-	-	bro	Notice::ACTION_LOG	3600.000000	F	-	-	-	-	-
1517337899.008322	-	-	-	-	-	-	-	-	-	SMB::EIoT	4, 24	-	-	-	-	-	bro	Notice::ACTION_LOG	3600.000000	F	-	-	-	-	-
1517337899.009856	-	-	-	-	-	-	-	-	-	SMB::EIoT	4, 136	-	-	-	-	-	bro	Notice::ACTION_LOG	3600.000000	F	-	-	-	-	-
1517337899.010090	-	-	-	-	-	-	-	-	-	SMB::EIoT	0, 24	-	-	-	-	-	bro	Notice::ACTION_LOG	3600.000000	F	-	-	-	-	-
1517337899.010452	-	-	-	-	-	-	-	-	-	SMB::EIoT	0, 136	-	-	-	-	-	bro	Notice::ACTION_LOG	3600.000000	F	-	-	-	-	-
1517337899.010664	-	-	-	-	-	-	-	-	-	SMB::EIoT	162, 24	-	-	-	-	-	bro	Notice::ACTION_LOG	3600.000000	F	-	-	-	-	-
1517337899.013604	-	-	-	-	-	-	-	-	-	SMB::EIoT	162, 136	-	-	-	-	-	bro	Notice::ACTION_LOG	3600.000000	F	-	-	-	-	-
1517337899.014132	-	-	-	-	-	-	-	-	-	SMB::EIoT	47, 24	-	-	-	-	-	bro	Notice::ACTION_LOG	3600.000000	F	-	-	-	-	-
1517337899.014809	-	-	-	-	-	-	-	-	-	SMB::EIoT	47, 136	-	-	-	-	-	bro	Notice::ACTION_LOG	3600.000000	F	-	-	-	-	-
1517337899.015002	-	-	-	-	-	-	-	-	-	SMB::EIoT	4, 24	-	-	-	-	-	bro	Notice::ACTION_LOG	3600.000000	F	-	-	-	-	-
1517337899.016571	-	-	-	-	-	-	-	-	-	SMB::EIoT	4, 136	-	-	-	-	-	bro	Notice::ACTION_LOG	3600.000000	F	-	-	-	-	-
1517337899.016858	-	-	-	-	-	-	-	-	-	SMB::EIoT	0, 24	-	-	-	-	-	bro	Notice::ACTION_LOG	3600.000000	F	-	-	-	-	-
1517337899.017230	-	-	-	-	-	-	-	-	-	SMB::EIoT	0, 136	-	-	-	-	-	bro	Notice::ACTION_LOG	3600.000000	F	-	-	-	-	-
1517337899.017486	-	-	-	-	-	-	-	-	-	SMB::EIoT	162, 24	-	-	-	-	-	bro	Notice::ACTION_LOG	3600.000000	F	-	-	-	-	-
1517337899.019972	-	-	-	-	-	-	-	-	-	SMB::EIoT	162, 136	-	-	-	-	-	bro	Notice::ACTION_LOG	3600.000000	F	-	-	-	-	-
1517337899.020231	-	-	-	-	-	-	-	-	-	SMB::EIoT	47, 24	-	-	-	-	-	bro	Notice::ACTION_LOG	3600.000000	F	-	-	-	-	-
1517337899.020780	-	-	-	-	-	-	-	-	-	SMB::EIoT	47, 136	-	-	-	-	-	bro	Notice::ACTION_LOG	3600.000000	F	-	-	-	-	-
1517337899.020984	-	-	-	-	-	-	-	-	-	SMB::EIoT	4, 24	-	-	-	-	-	bro	Notice::ACTION_LOG	3600.000000	F	-	-	-	-	-
1517337899.022484	-	-	-	-	-	-	-	-	-	SMB::EIoT	4, 136	-	-	-	-	-	bro	Notice::ACTION_LOG	3600.000000	F	-	-	-	-	-
1517337899.022733	-	-	-	-	-	-	-	-	-	SMB::EIoT	0, 24	-	-	-	-	-	bro	Notice::ACTION_LOG	3600.000000	F	-	-	-	-	-
1517337899.023095	-	-	-	-	-	-	-	-	-	SMB::EIoT	0, 136	-	-	-	-	-	bro	Notice::ACTION_LOG	3600.000000	F	-	-	-	-	-
1517337899.023322	-	-	-	-	-	-	-	-	-	SMB::EIoT	162, 24	-	-	-	-	-	bro	Notice::ACTION_LOG	3600.000000	F	-	-	-	-	-
1517337899.025744	-	-	-	-	-	-	-	-	-	SMB::EIoT	162, 136	-	-	-	-	-	bro	Notice::ACTION_LOG	3600.000000	F	-	-	-	-	-
1517337899.025999	-	-	-	-	-	-	-	-	-	SMB::EIoT	47, 24	-	-	-	-	-	bro	Notice::ACTION_LOG	3600.000000	F	-	-	-	-	-
1517337899.026564	-	-	-	-	-	-	-	-	-	SMB::EIoT	47, 136	-	-	-	-	-	bro	Notice::ACTION_LOG	3600.000000	F	-	-	-	-	-
1517337899.026760	-	-	-	-	-	-	-	-	-	SMB::EIoT	4, 24	-	-	-	-	-	bro	Notice::ACTION_LOG	3600.000000	F	-	-	-	-	-
1517337899.028378	-	-	-	-	-	-	-	-	-	SMB::EIoT	4, 136	-	-	-	-	-	bro	Notice::ACTION_LOG	3600.000000	F	-	-	-	-	-
1517337899.028870	-	-	-	-	-	-	-	-	-	SMB::EIoT	0, 24	-	-	-	-	-	bro	Notice::ACTION_LOG	3600.000000	F	-	-	-	-	-
1517337899.029352	-	-	-	-	-	-	-	-	-	SMB::EIoT	0, 136	-	-	-	-	-	bro	Notice::ACTION_LOG	3600.000000	F	-	-	-	-	-
1517337899.029696	-	-	-	-	-	-	-	-	-	SMB::EIoT	113, 24	-	-	-	-	-	bro	Notice::ACTION_LOG	3600.000000	F	-	-	-	-	-
1517337899.030248	-	-	-	-	-	-	-	-	-	SMB::EIoT	113, 136	-	-	-	-	-	bro	Notice::ACTION_LOG	3600.000000	F	-	-	-	-	-
#close	2018-02-01-16-33-47
