#separator \x09
#set_separator	,
#empty_field	(empty)
#unset_field	-
#path	notice
#open	2018-02-01-15-58-45
#fields	ts	uid	id.orig_h	id.orig_p	id.resp_h	id.resp_p	fuid	file_mime_type	file_desc	proto	note	msg	sub	src	dst	p	n	peer_descr	actions	suppress_for	dropped	remote_location.country_code	remote_location.region	remote_location.city	remote_location.latitude	remote_location.longitude
#types	time	string	addr	port	addr	port	string	string	string	enum	enum	string	string	addr	addr	port	count	string	set[enum]	interval	bool	string	string	string	double	double
1517337787.228715	-	-	-	-	-	-	-	-	-	SMB::EIoT	114, 24	-	-	-	-	-	bro	Notice::ACTION_LOG	3600.000000	F	-	-	-	-	-
1517337787.232500	-	-	-	-	-	-	-	-	-	SMB::EIoT	114, 136	-	-	-	-	-	bro	Notice::ACTION_LOG	3600.000000	F	-	-	-	-	-
1517337787.233725	-	-	-	-	-	-	-	-	-	SMB::EIoT	115, 24	-	-	-	-	-	bro	Notice::ACTION_LOG	3600.000000	F	-	-	-	-	-
1517337787.235607	-	-	-	-	-	-	-	-	-	SMB::EIoT	115, 136	-	-	-	-	-	bro	Notice::ACTION_LOG	3600.000000	F	-	-	-	-	-
1517337787.235955	-	-	-	-	-	-	-	-	-	SMB::EIoT	115, 24	-	-	-	-	-	bro	Notice::ACTION_LOG	3600.000000	F	-	-	-	-	-
1517337787.242773	-	-	-	-	-	-	-	-	-	SMB::EIoT	115, 136	-	-	-	-	-	bro	Notice::ACTION_LOG	3600.000000	F	-	-	-	-	-
1517337787.243074	-	-	-	-	-	-	-	-	-	SMB::EIoT	117, 24	-	-	-	-	-	bro	Notice::ACTION_LOG	3600.000000	F	-	-	-	-	-
1517337787.245538	-	-	-	-	-	-	-	-	-	SMB::EIoT	117, 136	-	-	-	-	-	bro	Notice::ACTION_LOG	3600.000000	F	-	-	-	-	-
1517337787.245790	-	-	-	-	-	-	-	-	-	SMB::EIoT	50, 24	-	-	-	-	-	bro	Notice::ACTION_LOG	3600.000000	F	-	-	-	-	-
1517337787.246831	-	-	-	-	-	-	-	-	-	SMB::EIoT	50, 136	-	-	-	-	-	bro	Notice::ACTION_LOG	3600.000000	F	-	-	-	-	-
1517337787.247096	-	-	-	-	-	-	-	-	-	SMB::EIoT	113, 24	-	-	-	-	-	bro	Notice::ACTION_LOG	3600.000000	F	-	-	-	-	-
1517337787.247481	-	-	-	-	-	-	-	-	-	SMB::EIoT	113, 136	-	-	-	-	-	bro	Notice::ACTION_LOG	3600.000000	F	-	-	-	-	-
1517337787.247716	-	-	-	-	-	-	-	-	-	SMB::EIoT	117, 24	-	-	-	-	-	bro	Notice::ACTION_LOG	3600.000000	F	-	-	-	-	-
1517337787.249887	-	-	-	-	-	-	-	-	-	SMB::EIoT	117, 136	-	-	-	-	-	bro	Notice::ACTION_LOG	3600.000000	F	-	-	-	-	-
1517337787.250171	-	-	-	-	-	-	-	-	-	SMB::EIoT	162, 24	-	-	-	-	-	bro	Notice::ACTION_LOG	3600.000000	F	-	-	-	-	-
1517337787.252614	-	-	-	-	-	-	-	-	-	SMB::EIoT	162, 136	-	-	-	-	-	bro	Notice::ACTION_LOG	3600.000000	F	-	-	-	-	-
1517337787.253067	-	-	-	-	-	-	-	-	-	SMB::EIoT	47, 24	-	-	-	-	-	bro	Notice::ACTION_LOG	3600.000000	F	-	-	-	-	-
1517337787.253733	-	-	-	-	-	-	-	-	-	SMB::EIoT	47, 136	-	-	-	-	-	bro	Notice::ACTION_LOG	3600.000000	F	-	-	-	-	-
1517337787.254059	-	-	-	-	-	-	-	-	-	SMB::EIoT	4, 24	-	-	-	-	-	bro	Notice::ACTION_LOG	3600.000000	F	-	-	-	-	-
1517337787.255761	-	-	-	-	-	-	-	-	-	SMB::EIoT	4, 136	-	-	-	-	-	bro	Notice::ACTION_LOG	3600.000000	F	-	-	-	-	-
1517337787.256415	-	-	-	-	-	-	-	-	-	SMB::EIoT	0, 24	-	-	-	-	-	bro	Notice::ACTION_LOG	3600.000000	F	-	-	-	-	-
1517337787.258763	-	-	-	-	-	-	-	-	-	SMB::EIoT	0, 136	-	-	-	-	-	bro	Notice::ACTION_LOG	3600.000000	F	-	-	-	-	-
1517337787.259117	-	-	-	-	-	-	-	-	-	SMB::EIoT	162, 24	-	-	-	-	-	bro	Notice::ACTION_LOG	3600.000000	F	-	-	-	-	-
1517337787.261450	-	-	-	-	-	-	-	-	-	SMB::EIoT	162, 136	-	-	-	-	-	bro	Notice::ACTION_LOG	3600.000000	F	-	-	-	-	-
1517337787.261701	-	-	-	-	-	-	-	-	-	SMB::EIoT	50, 24	-	-	-	-	-	bro	Notice::ACTION_LOG	3600.000000	F	-	-	-	-	-
1517337787.262333	-	-	-	-	-	-	-	-	-	SMB::EIoT	50, 136	-	-	-	-	-	bro	Notice::ACTION_LOG	3600.000000	F	-	-	-	-	-
1517337787.262546	-	-	-	-	-	-	-	-	-	SMB::EIoT	46, 24	-	-	-	-	-	bro	Notice::ACTION_LOG	3600.000000	F	-	-	-	-	-
1517337787.263085	-	-	-	-	-	-	-	-	-	SMB::EIoT	46, 136	-	-	-	-	-	bro	Notice::ACTION_LOG	3600.000000	F	-	-	-	-	-
1517337787.263304	-	-	-	-	-	-	-	-	-	SMB::EIoT	4, 24	-	-	-	-	-	bro	Notice::ACTION_LOG	3600.000000	F	-	-	-	-	-
1517337787.264320	-	-	-	-	-	-	-	-	-	SMB::EIoT	4, 136	-	-	-	-	-	bro	Notice::ACTION_LOG	3600.000000	F	-	-	-	-	-
1517337787.264589	-	-	-	-	-	-	-	-	-	SMB::EIoT	50, 24	-	-	-	-	-	bro	Notice::ACTION_LOG	3600.000000	F	-	-	-	-	-
1517337787.265197	-	-	-	-	-	-	-	-	-	SMB::EIoT	50, 136	-	-	-	-	-	bro	Notice::ACTION_LOG	3600.000000	F	-	-	-	-	-
1517337787.265417	-	-	-	-	-	-	-	-	-	SMB::EIoT	50, 24	-	-	-	-	-	bro	Notice::ACTION_LOG	3600.000000	F	-	-	-	-	-
1517337787.266069	-	-	-	-	-	-	-	-	-	SMB::EIoT	50, 136	-	-	-	-	-	bro	Notice::ACTION_LOG	3600.000000	F	-	-	-	-	-
1517337787.266270	-	-	-	-	-	-	-	-	-	SMB::EIoT	50, 24	-	-	-	-	-	bro	Notice::ACTION_LOG	3600.000000	F	-	-	-	-	-
1517337787.266847	-	-	-	-	-	-	-	-	-	SMB::EIoT	50, 136	-	-	-	-	-	bro	Notice::ACTION_LOG	3600.000000	F	-	-	-	-	-
1517337787.267132	-	-	-	-	-	-	-	-	-	SMB::EIoT	50, 24	-	-	-	-	-	bro	Notice::ACTION_LOG	3600.000000	F	-	-	-	-	-
1517337787.267749	-	-	-	-	-	-	-	-	-	SMB::EIoT	50, 136	-	-	-	-	-	bro	Notice::ACTION_LOG	3600.000000	F	-	-	-	-	-
1517337787.267966	-	-	-	-	-	-	-	-	-	SMB::EIoT	162, 24	-	-	-	-	-	bro	Notice::ACTION_LOG	3600.000000	F	-	-	-	-	-
1517337787.270264	-	-	-	-	-	-	-	-	-	SMB::EIoT	162, 136	-	-	-	-	-	bro	Notice::ACTION_LOG	3600.000000	F	-	-	-	-	-
1517337787.270606	-	-	-	-	-	-	-	-	-	SMB::EIoT	160, 24	-	-	-	-	-	bro	Notice::ACTION_LOG	3600.000000	F	-	-	-	-	-
1517337787.271069	-	-	-	-	-	-	-	-	-	SMB::EIoT	160, 136	-	-	-	-	-	bro	Notice::ACTION_LOG	3600.000000	F	-	-	-	-	-
1517337787.271309	-	-	-	-	-	-	-	-	-	SMB::EIoT	4, 24	-	-	-	-	-	bro	Notice::ACTION_LOG	3600.000000	F	-	-	-	-	-
1517337787.271949	-	-	-	-	-	-	-	-	-	SMB::EIoT	4, 136	-	-	-	-	-	bro	Notice::ACTION_LOG	3600.000000	F	-	-	-	-	-
1517337787.272190	-	-	-	-	-	-	-	-	-	SMB::EIoT	50, 24	-	-	-	-	-	bro	Notice::ACTION_LOG	3600.000000	F	-	-	-	-	-
1517337787.273328	-	-	-	-	-	-	-	-	-	SMB::EIoT	50, 136	-	-	-	-	-	bro	Notice::ACTION_LOG	3600.000000	F	-	-	-	-	-
1517337787.273536	-	-	-	-	-	-	-	-	-	SMB::EIoT	6, 24	-	-	-	-	-	bro	Notice::ACTION_LOG	3600.000000	F	-	-	-	-	-
1517337787.277774	-	-	-	-	-	-	-	-	-	SMB::EIoT	6, 136	-	-	-	-	-	bro	Notice::ACTION_LOG	3600.000000	F	-	-	-	-	-
1517337787.278164	-	-	-	-	-	-	-	-	-	SMB::EIoT	1, 24	-	-	-	-	-	bro	Notice::ACTION_LOG	3600.000000	F	-	-	-	-	-
1517337787.282424	-	-	-	-	-	-	-	-	-	SMB::EIoT	1, 136	-	-	-	-	-	bro	Notice::ACTION_LOG	3600.000000	F	-	-	-	-	-
1517337787.282773	-	-	-	-	-	-	-	-	-	SMB::EIoT	113, 24	-	-	-	-	-	bro	Notice::ACTION_LOG	3600.000000	F	-	-	-	-	-
1517337787.283221	-	-	-	-	-	-	-	-	-	SMB::EIoT	113, 136	-	-	-	-	-	bro	Notice::ACTION_LOG	3600.000000	F	-	-	-	-	-
#close	2018-02-01-15-58-45
