#separator \x09
#set_separator	,
#empty_field	(empty)
#unset_field	-
#path	notice
#open	2018-02-01-16-26-58
#fields	ts	uid	id.orig_h	id.orig_p	id.resp_h	id.resp_p	fuid	file_mime_type	file_desc	proto	note	msg	sub	src	dst	p	n	peer_descr	actions	suppress_for	dropped	remote_location.country_code	remote_location.region	remote_location.city	remote_location.latitude	remote_location.longitude
#types	time	string	addr	port	addr	port	string	string	string	enum	enum	string	string	addr	addr	port	count	string	set[enum]	interval	bool	string	string	string	double	double
1517337873.864855	-	-	-	-	-	-	-	-	-	SMB::EIoT	114, 24	-	-	-	-	-	bro	Notice::ACTION_LOG	3600.000000	F	-	-	-	-	-
1517337873.869078	-	-	-	-	-	-	-	-	-	SMB::EIoT	114, 136	-	-	-	-	-	bro	Notice::ACTION_LOG	3600.000000	F	-	-	-	-	-
1517337873.871317	-	-	-	-	-	-	-	-	-	SMB::EIoT	115, 24	-	-	-	-	-	bro	Notice::ACTION_LOG	3600.000000	F	-	-	-	-	-
1517337873.874333	-	-	-	-	-	-	-	-	-	SMB::EIoT	115, 136	-	-	-	-	-	bro	Notice::ACTION_LOG	3600.000000	F	-	-	-	-	-
1517337873.874846	-	-	-	-	-	-	-	-	-	SMB::EIoT	115, 24	-	-	-	-	-	bro	Notice::ACTION_LOG	3600.000000	F	-	-	-	-	-
1517337873.881857	-	-	-	-	-	-	-	-	-	SMB::EIoT	115, 136	-	-	-	-	-	bro	Notice::ACTION_LOG	3600.000000	F	-	-	-	-	-
1517337873.882278	-	-	-	-	-	-	-	-	-	SMB::EIoT	117, 24	-	-	-	-	-	bro	Notice::ACTION_LOG	3600.000000	F	-	-	-	-	-
1517337873.886893	-	-	-	-	-	-	-	-	-	SMB::EIoT	117, 136	-	-	-	-	-	bro	Notice::ACTION_LOG	3600.000000	F	-	-	-	-	-
1517337873.887380	-	-	-	-	-	-	-	-	-	SMB::EIoT	50, 24	-	-	-	-	-	bro	Notice::ACTION_LOG	3600.000000	F	-	-	-	-	-
1517337873.888191	-	-	-	-	-	-	-	-	-	SMB::EIoT	50, 136	-	-	-	-	-	bro	Notice::ACTION_LOG	3600.000000	F	-	-	-	-	-
1517337873.888461	-	-	-	-	-	-	-	-	-	SMB::EIoT	113, 24	-	-	-	-	-	bro	Notice::ACTION_LOG	3600.000000	F	-	-	-	-	-
1517337873.888769	-	-	-	-	-	-	-	-	-	SMB::EIoT	113, 136	-	-	-	-	-	bro	Notice::ACTION_LOG	3600.000000	F	-	-	-	-	-
1517337873.888977	-	-	-	-	-	-	-	-	-	SMB::EIoT	117, 24	-	-	-	-	-	bro	Notice::ACTION_LOG	3600.000000	F	-	-	-	-	-
1517337873.891091	-	-	-	-	-	-	-	-	-	SMB::EIoT	117, 136	-	-	-	-	-	bro	Notice::ACTION_LOG	3600.000000	F	-	-	-	-	-
1517337873.891411	-	-	-	-	-	-	-	-	-	SMB::EIoT	162, 24	-	-	-	-	-	bro	Notice::ACTION_LOG	3600.000000	F	-	-	-	-	-
1517337873.893567	-	-	-	-	-	-	-	-	-	SMB::EIoT	162, 136	-	-	-	-	-	bro	Notice::ACTION_LOG	3600.000000	F	-	-	-	-	-
1517337873.893906	-	-	-	-	-	-	-	-	-	SMB::EIoT	47, 24	-	-	-	-	-	bro	Notice::ACTION_LOG	3600.000000	F	-	-	-	-	-
1517337873.894318	-	-	-	-	-	-	-	-	-	SMB::EIoT	47, 136	-	-	-	-	-	bro	Notice::ACTION_LOG	3600.000000	F	-	-	-	-	-
1517337873.894605	-	-	-	-	-	-	-	-	-	SMB::EIoT	4, 24	-	-	-	-	-	bro	Notice::ACTION_LOG	3600.000000	F	-	-	-	-	-
1517337873.895624	-	-	-	-	-	-	-	-	-	SMB::EIoT	4, 136	-	-	-	-	-	bro	Notice::ACTION_LOG	3600.000000	F	-	-	-	-	-
1517337873.895907	-	-	-	-	-	-	-	-	-	SMB::EIoT	0, 24	-	-	-	-	-	bro	Notice::ACTION_LOG	3600.000000	F	-	-	-	-	-
1517337873.896188	-	-	-	-	-	-	-	-	-	SMB::EIoT	0, 136	-	-	-	-	-	bro	Notice::ACTION_LOG	3600.000000	F	-	-	-	-	-
1517337873.896638	-	-	-	-	-	-	-	-	-	SMB::EIoT	162, 24	-	-	-	-	-	bro	Notice::ACTION_LOG	3600.000000	F	-	-	-	-	-
1517337873.898040	-	-	-	-	-	-	-	-	-	SMB::EIoT	162, 136	-	-	-	-	-	bro	Notice::ACTION_LOG	3600.000000	F	-	-	-	-	-
1517337873.898330	-	-	-	-	-	-	-	-	-	SMB::EIoT	50, 24	-	-	-	-	-	bro	Notice::ACTION_LOG	3600.000000	F	-	-	-	-	-
1517337873.898752	-	-	-	-	-	-	-	-	-	SMB::EIoT	50, 136	-	-	-	-	-	bro	Notice::ACTION_LOG	3600.000000	F	-	-	-	-	-
1517337873.898972	-	-	-	-	-	-	-	-	-	SMB::EIoT	46, 24	-	-	-	-	-	bro	Notice::ACTION_LOG	3600.000000	F	-	-	-	-	-
1517337873.899310	-	-	-	-	-	-	-	-	-	SMB::EIoT	46, 136	-	-	-	-	-	bro	Notice::ACTION_LOG	3600.000000	F	-	-	-	-	-
1517337873.899515	-	-	-	-	-	-	-	-	-	SMB::EIoT	4, 24	-	-	-	-	-	bro	Notice::ACTION_LOG	3600.000000	F	-	-	-	-	-
1517337873.900161	-	-	-	-	-	-	-	-	-	SMB::EIoT	4, 136	-	-	-	-	-	bro	Notice::ACTION_LOG	3600.000000	F	-	-	-	-	-
1517337873.900434	-	-	-	-	-	-	-	-	-	SMB::EIoT	50, 24	-	-	-	-	-	bro	Notice::ACTION_LOG	3600.000000	F	-	-	-	-	-
1517337873.900830	-	-	-	-	-	-	-	-	-	SMB::EIoT	50, 136	-	-	-	-	-	bro	Notice::ACTION_LOG	3600.000000	F	-	-	-	-	-
1517337873.901056	-	-	-	-	-	-	-	-	-	SMB::EIoT	50, 24	-	-	-	-	-	bro	Notice::ACTION_LOG	3600.000000	F	-	-	-	-	-
1517337873.901490	-	-	-	-	-	-	-	-	-	SMB::EIoT	50, 136	-	-	-	-	-	bro	Notice::ACTION_LOG	3600.000000	F	-	-	-	-	-
1517337873.901734	-	-	-	-	-	-	-	-	-	SMB::EIoT	50, 24	-	-	-	-	-	bro	Notice::ACTION_LOG	3600.000000	F	-	-	-	-	-
1517337873.902127	-	-	-	-	-	-	-	-	-	SMB::EIoT	50, 136	-	-	-	-	-	bro	Notice::ACTION_LOG	3600.000000	F	-	-	-	-	-
1517337873.902436	-	-	-	-	-	-	-	-	-	SMB::EIoT	50, 24	-	-	-	-	-	bro	Notice::ACTION_LOG	3600.000000	F	-	-	-	-	-
1517337873.902838	-	-	-	-	-	-	-	-	-	SMB::EIoT	50, 136	-	-	-	-	-	bro	Notice::ACTION_LOG	3600.000000	F	-	-	-	-	-
1517337873.903062	-	-	-	-	-	-	-	-	-	SMB::EIoT	162, 24	-	-	-	-	-	bro	Notice::ACTION_LOG	3600.000000	F	-	-	-	-	-
1517337873.904411	-	-	-	-	-	-	-	-	-	SMB::EIoT	162, 136	-	-	-	-	-	bro	Notice::ACTION_LOG	3600.000000	F	-	-	-	-	-
1517337873.904654	-	-	-	-	-	-	-	-	-	SMB::EIoT	160, 24	-	-	-	-	-	bro	Notice::ACTION_LOG	3600.000000	F	-	-	-	-	-
1517337873.904954	-	-	-	-	-	-	-	-	-	SMB::EIoT	160, 136	-	-	-	-	-	bro	Notice::ACTION_LOG	3600.000000	F	-	-	-	-	-
1517337873.905148	-	-	-	-	-	-	-	-	-	SMB::EIoT	4, 24	-	-	-	-	-	bro	Notice::ACTION_LOG	3600.000000	F	-	-	-	-	-
1517337873.905567	-	-	-	-	-	-	-	-	-	SMB::EIoT	4, 136	-	-	-	-	-	bro	Notice::ACTION_LOG	3600.000000	F	-	-	-	-	-
1517337873.905780	-	-	-	-	-	-	-	-	-	SMB::EIoT	50, 24	-	-	-	-	-	bro	Notice::ACTION_LOG	3600.000000	F	-	-	-	-	-
1517337873.906480	-	-	-	-	-	-	-	-	-	SMB::EIoT	50, 136	-	-	-	-	-	bro	Notice::ACTION_LOG	3600.000000	F	-	-	-	-	-
1517337873.906685	-	-	-	-	-	-	-	-	-	SMB::EIoT	6, 24	-	-	-	-	-	bro	Notice::ACTION_LOG	3600.000000	F	-	-	-	-	-
1517337873.909382	-	-	-	-	-	-	-	-	-	SMB::EIoT	6, 136	-	-	-	-	-	bro	Notice::ACTION_LOG	3600.000000	F	-	-	-	-	-
1517337873.909870	-	-	-	-	-	-	-	-	-	SMB::EIoT	1, 24	-	-	-	-	-	bro	Notice::ACTION_LOG	3600.000000	F	-	-	-	-	-
1517337873.912648	-	-	-	-	-	-	-	-	-	SMB::EIoT	1, 136	-	-	-	-	-	bro	Notice::ACTION_LOG	3600.000000	F	-	-	-	-	-
1517337873.913124	-	-	-	-	-	-	-	-	-	SMB::EIoT	162, 24	-	-	-	-	-	bro	Notice::ACTION_LOG	3600.000000	F	-	-	-	-	-
1517337873.914905	-	-	-	-	-	-	-	-	-	SMB::EIoT	162, 136	-	-	-	-	-	bro	Notice::ACTION_LOG	3600.000000	F	-	-	-	-	-
1517337873.915136	-	-	-	-	-	-	-	-	-	SMB::EIoT	47, 24	-	-	-	-	-	bro	Notice::ACTION_LOG	3600.000000	F	-	-	-	-	-
1517337873.915507	-	-	-	-	-	-	-	-	-	SMB::EIoT	47, 136	-	-	-	-	-	bro	Notice::ACTION_LOG	3600.000000	F	-	-	-	-	-
1517337873.915707	-	-	-	-	-	-	-	-	-	SMB::EIoT	4, 24	-	-	-	-	-	bro	Notice::ACTION_LOG	3600.000000	F	-	-	-	-	-
1517337873.916685	-	-	-	-	-	-	-	-	-	SMB::EIoT	4, 136	-	-	-	-	-	bro	Notice::ACTION_LOG	3600.000000	F	-	-	-	-	-
1517337873.916948	-	-	-	-	-	-	-	-	-	SMB::EIoT	0, 24	-	-	-	-	-	bro	Notice::ACTION_LOG	3600.000000	F	-	-	-	-	-
1517337873.918872	-	-	-	-	-	-	-	-	-	SMB::EIoT	0, 136	-	-	-	-	-	bro	Notice::ACTION_LOG	3600.000000	F	-	-	-	-	-
1517337873.919108	-	-	-	-	-	-	-	-	-	SMB::EIoT	162, 24	-	-	-	-	-	bro	Notice::ACTION_LOG	3600.000000	F	-	-	-	-	-
1517337873.921012	-	-	-	-	-	-	-	-	-	SMB::EIoT	162, 136	-	-	-	-	-	bro	Notice::ACTION_LOG	3600.000000	F	-	-	-	-	-
1517337873.921335	-	-	-	-	-	-	-	-	-	SMB::EIoT	50, 24	-	-	-	-	-	bro	Notice::ACTION_LOG	3600.000000	F	-	-	-	-	-
1517337873.921857	-	-	-	-	-	-	-	-	-	SMB::EIoT	50, 136	-	-	-	-	-	bro	Notice::ACTION_LOG	3600.000000	F	-	-	-	-	-
1517337873.922118	-	-	-	-	-	-	-	-	-	SMB::EIoT	46, 24	-	-	-	-	-	bro	Notice::ACTION_LOG	3600.000000	F	-	-	-	-	-
1517337873.922587	-	-	-	-	-	-	-	-	-	SMB::EIoT	46, 136	-	-	-	-	-	bro	Notice::ACTION_LOG	3600.000000	F	-	-	-	-	-
1517337873.922836	-	-	-	-	-	-	-	-	-	SMB::EIoT	4, 24	-	-	-	-	-	bro	Notice::ACTION_LOG	3600.000000	F	-	-	-	-	-
1517337873.923472	-	-	-	-	-	-	-	-	-	SMB::EIoT	4, 136	-	-	-	-	-	bro	Notice::ACTION_LOG	3600.000000	F	-	-	-	-	-
1517337873.923757	-	-	-	-	-	-	-	-	-	SMB::EIoT	50, 24	-	-	-	-	-	bro	Notice::ACTION_LOG	3600.000000	F	-	-	-	-	-
1517337873.924098	-	-	-	-	-	-	-	-	-	SMB::EIoT	50, 136	-	-	-	-	-	bro	Notice::ACTION_LOG	3600.000000	F	-	-	-	-	-
1517337873.924373	-	-	-	-	-	-	-	-	-	SMB::EIoT	50, 24	-	-	-	-	-	bro	Notice::ACTION_LOG	3600.000000	F	-	-	-	-	-
1517337873.925001	-	-	-	-	-	-	-	-	-	SMB::EIoT	50, 136	-	-	-	-	-	bro	Notice::ACTION_LOG	3600.000000	F	-	-	-	-	-
1517337873.925256	-	-	-	-	-	-	-	-	-	SMB::EIoT	50, 24	-	-	-	-	-	bro	Notice::ACTION_LOG	3600.000000	F	-	-	-	-	-
1517337873.925811	-	-	-	-	-	-	-	-	-	SMB::EIoT	50, 136	-	-	-	-	-	bro	Notice::ACTION_LOG	3600.000000	F	-	-	-	-	-
1517337873.926108	-	-	-	-	-	-	-	-	-	SMB::EIoT	50, 24	-	-	-	-	-	bro	Notice::ACTION_LOG	3600.000000	F	-	-	-	-	-
1517337873.926692	-	-	-	-	-	-	-	-	-	SMB::EIoT	50, 136	-	-	-	-	-	bro	Notice::ACTION_LOG	3600.000000	F	-	-	-	-	-
1517337873.927005	-	-	-	-	-	-	-	-	-	SMB::EIoT	162, 24	-	-	-	-	-	bro	Notice::ACTION_LOG	3600.000000	F	-	-	-	-	-
1517337873.929199	-	-	-	-	-	-	-	-	-	SMB::EIoT	162, 136	-	-	-	-	-	bro	Notice::ACTION_LOG	3600.000000	F	-	-	-	-	-
1517337873.929522	-	-	-	-	-	-	-	-	-	SMB::EIoT	160, 24	-	-	-	-	-	bro	Notice::ACTION_LOG	3600.000000	F	-	-	-	-	-
1517337873.929960	-	-	-	-	-	-	-	-	-	SMB::EIoT	160, 136	-	-	-	-	-	bro	Notice::ACTION_LOG	3600.000000	F	-	-	-	-	-
1517337873.930197	-	-	-	-	-	-	-	-	-	SMB::EIoT	4, 24	-	-	-	-	-	bro	Notice::ACTION_LOG	3600.000000	F	-	-	-	-	-
1517337873.930687	-	-	-	-	-	-	-	-	-	SMB::EIoT	4, 136	-	-	-	-	-	bro	Notice::ACTION_LOG	3600.000000	F	-	-	-	-	-
1517337873.930943	-	-	-	-	-	-	-	-	-	SMB::EIoT	1, 24	-	-	-	-	-	bro	Notice::ACTION_LOG	3600.000000	F	-	-	-	-	-
1517337873.933760	-	-	-	-	-	-	-	-	-	SMB::EIoT	1, 136	-	-	-	-	-	bro	Notice::ACTION_LOG	3600.000000	F	-	-	-	-	-
1517337873.934170	-	-	-	-	-	-	-	-	-	SMB::EIoT	162, 24	-	-	-	-	-	bro	Notice::ACTION_LOG	3600.000000	F	-	-	-	-	-
1517337873.935903	-	-	-	-	-	-	-	-	-	SMB::EIoT	162, 136	-	-	-	-	-	bro	Notice::ACTION_LOG	3600.000000	F	-	-	-	-	-
1517337873.936201	-	-	-	-	-	-	-	-	-	SMB::EIoT	47, 24	-	-	-	-	-	bro	Notice::ACTION_LOG	3600.000000	F	-	-	-	-	-
1517337873.936555	-	-	-	-	-	-	-	-	-	SMB::EIoT	47, 136	-	-	-	-	-	bro	Notice::ACTION_LOG	3600.000000	F	-	-	-	-	-
1517337873.936905	-	-	-	-	-	-	-	-	-	SMB::EIoT	4, 24	-	-	-	-	-	bro	Notice::ACTION_LOG	3600.000000	F	-	-	-	-	-
1517337873.937813	-	-	-	-	-	-	-	-	-	SMB::EIoT	4, 136	-	-	-	-	-	bro	Notice::ACTION_LOG	3600.000000	F	-	-	-	-	-
1517337873.938071	-	-	-	-	-	-	-	-	-	SMB::EIoT	0, 24	-	-	-	-	-	bro	Notice::ACTION_LOG	3600.000000	F	-	-	-	-	-
1517337873.939499	-	-	-	-	-	-	-	-	-	SMB::EIoT	0, 136	-	-	-	-	-	bro	Notice::ACTION_LOG	3600.000000	F	-	-	-	-	-
1517337873.939729	-	-	-	-	-	-	-	-	-	SMB::EIoT	162, 24	-	-	-	-	-	bro	Notice::ACTION_LOG	3600.000000	F	-	-	-	-	-
1517337873.941262	-	-	-	-	-	-	-	-	-	SMB::EIoT	162, 136	-	-	-	-	-	bro	Notice::ACTION_LOG	3600.000000	F	-	-	-	-	-
1517337873.941490	-	-	-	-	-	-	-	-	-	SMB::EIoT	47, 24	-	-	-	-	-	bro	Notice::ACTION_LOG	3600.000000	F	-	-	-	-	-
1517337873.941857	-	-	-	-	-	-	-	-	-	SMB::EIoT	47, 136	-	-	-	-	-	bro	Notice::ACTION_LOG	3600.000000	F	-	-	-	-	-
1517337873.942055	-	-	-	-	-	-	-	-	-	SMB::EIoT	4, 24	-	-	-	-	-	bro	Notice::ACTION_LOG	3600.000000	F	-	-	-	-	-
1517337873.942974	-	-	-	-	-	-	-	-	-	SMB::EIoT	4, 136	-	-	-	-	-	bro	Notice::ACTION_LOG	3600.000000	F	-	-	-	-	-
1517337873.943214	-	-	-	-	-	-	-	-	-	SMB::EIoT	0, 24	-	-	-	-	-	bro	Notice::ACTION_LOG	3600.000000	F	-	-	-	-	-
1517337873.943483	-	-	-	-	-	-	-	-	-	SMB::EIoT	0, 136	-	-	-	-	-	bro	Notice::ACTION_LOG	3600.000000	F	-	-	-	-	-
1517337873.943711	-	-	-	-	-	-	-	-	-	SMB::EIoT	162, 24	-	-	-	-	-	bro	Notice::ACTION_LOG	3600.000000	F	-	-	-	-	-
1517337873.945278	-	-	-	-	-	-	-	-	-	SMB::EIoT	162, 136	-	-	-	-	-	bro	Notice::ACTION_LOG	3600.000000	F	-	-	-	-	-
1517337873.945498	-	-	-	-	-	-	-	-	-	SMB::EIoT	47, 24	-	-	-	-	-	bro	Notice::ACTION_LOG	3600.000000	F	-	-	-	-	-
1517337873.945837	-	-	-	-	-	-	-	-	-	SMB::EIoT	47, 136	-	-	-	-	-	bro	Notice::ACTION_LOG	3600.000000	F	-	-	-	-	-
1517337873.946020	-	-	-	-	-	-	-	-	-	SMB::EIoT	4, 24	-	-	-	-	-	bro	Notice::ACTION_LOG	3600.000000	F	-	-	-	-	-
1517337873.946946	-	-	-	-	-	-	-	-	-	SMB::EIoT	4, 136	-	-	-	-	-	bro	Notice::ACTION_LOG	3600.000000	F	-	-	-	-	-
1517337873.947176	-	-	-	-	-	-	-	-	-	SMB::EIoT	0, 24	-	-	-	-	-	bro	Notice::ACTION_LOG	3600.000000	F	-	-	-	-	-
1517337873.947451	-	-	-	-	-	-	-	-	-	SMB::EIoT	0, 136	-	-	-	-	-	bro	Notice::ACTION_LOG	3600.000000	F	-	-	-	-	-
1517337873.947673	-	-	-	-	-	-	-	-	-	SMB::EIoT	162, 24	-	-	-	-	-	bro	Notice::ACTION_LOG	3600.000000	F	-	-	-	-	-
1517337873.949599	-	-	-	-	-	-	-	-	-	SMB::EIoT	162, 136	-	-	-	-	-	bro	Notice::ACTION_LOG	3600.000000	F	-	-	-	-	-
1517337873.950095	-	-	-	-	-	-	-	-	-	SMB::EIoT	47, 24	-	-	-	-	-	bro	Notice::ACTION_LOG	3600.000000	F	-	-	-	-	-
1517337873.950551	-	-	-	-	-	-	-	-	-	SMB::EIoT	47, 136	-	-	-	-	-	bro	Notice::ACTION_LOG	3600.000000	F	-	-	-	-	-
1517337873.950781	-	-	-	-	-	-	-	-	-	SMB::EIoT	4, 24	-	-	-	-	-	bro	Notice::ACTION_LOG	3600.000000	F	-	-	-	-	-
1517337873.951746	-	-	-	-	-	-	-	-	-	SMB::EIoT	4, 136	-	-	-	-	-	bro	Notice::ACTION_LOG	3600.000000	F	-	-	-	-	-
1517337873.952316	-	-	-	-	-	-	-	-	-	SMB::EIoT	0, 24	-	-	-	-	-	bro	Notice::ACTION_LOG	3600.000000	F	-	-	-	-	-
1517337873.952501	-	-	-	-	-	-	-	-	-	SMB::EIoT	0, 136	-	-	-	-	-	bro	Notice::ACTION_LOG	3600.000000	F	-	-	-	-	-
1517337873.956671	-	-	-	-	-	-	-	-	-	SMB::EIoT	162, 24	-	-	-	-	-	bro	Notice::ACTION_LOG	3600.000000	F	-	-	-	-	-
1517337873.959147	-	-	-	-	-	-	-	-	-	SMB::EIoT	162, 136	-	-	-	-	-	bro	Notice::ACTION_LOG	3600.000000	F	-	-	-	-	-
1517337873.959556	-	-	-	-	-	-	-	-	-	SMB::EIoT	47, 24	-	-	-	-	-	bro	Notice::ACTION_LOG	3600.000000	F	-	-	-	-	-
1517337873.960049	-	-	-	-	-	-	-	-	-	SMB::EIoT	47, 136	-	-	-	-	-	bro	Notice::ACTION_LOG	3600.000000	F	-	-	-	-	-
1517337873.960299	-	-	-	-	-	-	-	-	-	SMB::EIoT	4, 24	-	-	-	-	-	bro	Notice::ACTION_LOG	3600.000000	F	-	-	-	-	-
1517337873.961517	-	-	-	-	-	-	-	-	-	SMB::EIoT	4, 136	-	-	-	-	-	bro	Notice::ACTION_LOG	3600.000000	F	-	-	-	-	-
1517337873.961834	-	-	-	-	-	-	-	-	-	SMB::EIoT	0, 24	-	-	-	-	-	bro	Notice::ACTION_LOG	3600.000000	F	-	-	-	-	-
1517337873.962158	-	-	-	-	-	-	-	-	-	SMB::EIoT	0, 136	-	-	-	-	-	bro	Notice::ACTION_LOG	3600.000000	F	-	-	-	-	-
1517337873.962432	-	-	-	-	-	-	-	-	-	SMB::EIoT	162, 24	-	-	-	-	-	bro	Notice::ACTION_LOG	3600.000000	F	-	-	-	-	-
1517337873.964110	-	-	-	-	-	-	-	-	-	SMB::EIoT	162, 136	-	-	-	-	-	bro	Notice::ACTION_LOG	3600.000000	F	-	-	-	-	-
1517337873.964418	-	-	-	-	-	-	-	-	-	SMB::EIoT	47, 24	-	-	-	-	-	bro	Notice::ACTION_LOG	3600.000000	F	-	-	-	-	-
1517337873.964819	-	-	-	-	-	-	-	-	-	SMB::EIoT	47, 136	-	-	-	-	-	bro	Notice::ACTION_LOG	3600.000000	F	-	-	-	-	-
1517337873.965063	-	-	-	-	-	-	-	-	-	SMB::EIoT	4, 24	-	-	-	-	-	bro	Notice::ACTION_LOG	3600.000000	F	-	-	-	-	-
1517337873.966236	-	-	-	-	-	-	-	-	-	SMB::EIoT	4, 136	-	-	-	-	-	bro	Notice::ACTION_LOG	3600.000000	F	-	-	-	-	-
1517337873.966526	-	-	-	-	-	-	-	-	-	SMB::EIoT	0, 24	-	-	-	-	-	bro	Notice::ACTION_LOG	3600.000000	F	-	-	-	-	-
1517337873.966855	-	-	-	-	-	-	-	-	-	SMB::EIoT	0, 136	-	-	-	-	-	bro	Notice::ACTION_LOG	3600.000000	F	-	-	-	-	-
1517337873.967099	-	-	-	-	-	-	-	-	-	SMB::EIoT	113, 24	-	-	-	-	-	bro	Notice::ACTION_LOG	3600.000000	F	-	-	-	-	-
1517337873.967476	-	-	-	-	-	-	-	-	-	SMB::EIoT	113, 136	-	-	-	-	-	bro	Notice::ACTION_LOG	3600.000000	F	-	-	-	-	-
#close	2018-02-01-16-26-58
