1517427711.947240	-	-	-	-	-	-	-	-	-	SNMP::EIoT	snmp_get_request 1.3.6.1.2.1.1.1.0	-	-	-	-	-	bro	Notice::ACTION_LOG	3600.000000	F	-	-	-	-	-
1517427711.954805	-	-	-	-	-	-	-	-	-	SNMP::EIoT	snmp_get_response 1.3.6.1.2.1.1.1.0	-	-	-	-	-	bro	Notice::ACTION_LOG	3600.000000	F	-	-	-	-	-
1517427711.957471	-	-	-	-	-	-	-	-	-	SNMP::EIoT	snmp_get_request 1.3.6.1.4.1.9.9.109.1.1.1.1.8	-	-	-	-	-	bro	Notice::ACTION_LOG	3600.000000	F	-	-	-	-	-
1517427711.964881	-	-	-	-	-	-	-	-	-	SNMP::EIoT	snmp_get_response 1.3.6.1.4.1.9.9.109.1.1.1.1.8	-	-	-	-	-	bro	Notice::ACTION_LOG	3600.000000	F	-	-	-	-	-
1517427711.968541	-	-	-	-	-	-	-	-	-	SNMP::EIoT	snmp_get_request 1.3.6.1.2.1.17.4.3.1.2	-	-	-	-	-	bro	Notice::ACTION_LOG	3600.000000	F	-	-	-	-	-
1517427711.974955	-	-	-	-	-	-	-	-	-	SNMP::EIoT	snmp_get_response 1.3.6.1.2.1.17.4.3.1.2	-	-	-	-	-	bro	Notice::ACTION_LOG	3600.000000	F	-	-	-	-	-
1517427711.977886	-	-	-	-	-	-	-	-	-	SNMP::EIoT	snmp_get_request 1.3.6.1.4.1.9.2.1.8.0	-	-	-	-	-	bro	Notice::ACTION_LOG	3600.000000	F	-	-	-	-	-
1517427711.985030	-	-	-	-	-	-	-	-	-	SNMP::EIoT	snmp_get_response 1.3.6.1.4.1.9.2.1.8.0	-	-	-	-	-	bro	Notice::ACTION_LOG	3600.000000	F	-	-	-	-	-
1517427711.987079	-	-	-	-	-	-	-	-	-	SNMP::EIoT	snmp_get_request 1.3.6.1.4.1.9.9.46.1.3.1.1.2	-	-	-	-	-	bro	Notice::ACTION_LOG	3600.000000	F	-	-	-	-	-
1517427711.995132	-	-	-	-	-	-	-	-	-	SNMP::EIoT	snmp_get_response 1.3.6.1.4.1.9.9.46.1.3.1.1.2	-	-	-	-	-	bro	Notice::ACTION_LOG	3600.000000	F	-	-	-	-	-
1517427711.997402	-	-	-	-	-	-	-	-	-	SNMP::EIoT	snmp_get_request 1.3.6.1.4.1.9.9.46.1.4.2.1.11	-	-	-	-	-	bro	Notice::ACTION_LOG	3600.000000	F	-	-	-	-	-
1517427712.005225	-	-	-	-	-	-	-	-	-	SNMP::EIoT	snmp_get_response 1.3.6.1.4.1.9.9.46.1.4.2.1.11	-	-	-	-	-	bro	Notice::ACTION_LOG	3600.000000	F	-	-	-	-	-
1517427712.008740	-	-	-	-	-	-	-	-	-	SNMP::EIoT	snmp_get_request 1.3.6.1.4.1.9.9.46.1.4.1.1.1	-	-	-	-	-	bro	Notice::ACTION_LOG	3600.000000	F	-	-	-	-	-
1517427712.015317	-	-	-	-	-	-	-	-	-	SNMP::EIoT	snmp_get_response 1.3.6.1.4.1.9.9.46.1.4.1.1.1	-	-	-	-	-	bro	Notice::ACTION_LOG	3600.000000	F	-	-	-	-	-
1517427712.017704	-	-	-	-	-	-	-	-	-	SNMP::EIoT	snmp_get_request 1.3.6.1.2.1.1.1.0	-	-	-	-	-	bro	Notice::ACTION_LOG	3600.000000	F	-	-	-	-	-
1517427712.025386	-	-	-	-	-	-	-	-	-	SNMP::EIoT	snmp_get_response 1.3.6.1.2.1.1.1.0	-	-	-	-	-	bro	Notice::ACTION_LOG	3600.000000	F	-	-	-	-	-
1517427712.027414	-	-	-	-	-	-	-	-	-	SNMP::EIoT	snmp_get_request 1.3.6.1.2.1.17.4.3.1.2	-	-	-	-	-	bro	Notice::ACTION_LOG	3600.000000	F	-	-	-	-	-
1517427712.035496	-	-	-	-	-	-	-	-	-	SNMP::EIoT	snmp_get_response 1.3.6.1.2.1.17.4.3.1.2	-	-	-	-	-	bro	Notice::ACTION_LOG	3600.000000	F	-	-	-	-	-
1517427712.038539	-	-	-	-	-	-	-	-	-	SNMP::EIoT	snmp_get_request 1.3.6.1.4.1.9.9.46.1.4.2.1.11	-	-	-	-	-	bro	Notice::ACTION_LOG	3600.000000	F	-	-	-	-	-
1517427712.045576	-	-	-	-	-	-	-	-	-	SNMP::EIoT	snmp_get_response 1.3.6.1.4.1.9.9.46.1.4.2.1.11	-	-	-	-	-	bro	Notice::ACTION_LOG	3600.000000	F	-	-	-	-	-
1517427712.047795	-	-	-	-	-	-	-	-	-	SNMP::EIoT	snmp_get_request 1.3.6.1.2.1.1.1.0	-	-	-	-	-	bro	Notice::ACTION_LOG	3600.000000	F	-	-	-	-	-
1517427712.055651	-	-	-	-	-	-	-	-	-	SNMP::EIoT	snmp_get_response 1.3.6.1.2.1.1.1.0	-	-	-	-	-	bro	Notice::ACTION_LOG	3600.000000	F	-	-	-	-	-
