1517427838.383778	-	-	-	-	-	-	-	-	-	SNMP::EIoT	snmp_get_request 1.3.6.1.2.1.1.1.0	-	-	-	-	-	bro	Notice::ACTION_LOG	3600.000000	F	-	-	-	-	-
1517427838.391089	-	-	-	-	-	-	-	-	-	SNMP::EIoT	snmp_get_response 1.3.6.1.2.1.1.1.0	-	-	-	-	-	bro	Notice::ACTION_LOG	3600.000000	F	-	-	-	-	-
1517427838.393655	-	-	-	-	-	-	-	-	-	SNMP::EIoT	snmp_get_request 1.3.6.1.4.1.9.9.109.1.1.1.1.8	-	-	-	-	-	bro	Notice::ACTION_LOG	3600.000000	F	-	-	-	-	-
1517427838.401166	-	-	-	-	-	-	-	-	-	SNMP::EIoT	snmp_get_response 1.3.6.1.4.1.9.9.109.1.1.1.1.8	-	-	-	-	-	bro	Notice::ACTION_LOG	3600.000000	F	-	-	-	-	-
1517427838.403205	-	-	-	-	-	-	-	-	-	SNMP::EIoT	snmp_get_request 1.3.6.1.2.1.17.4.3.1.2	-	-	-	-	-	bro	Notice::ACTION_LOG	3600.000000	F	-	-	-	-	-
1517427838.411240	-	-	-	-	-	-	-	-	-	SNMP::EIoT	snmp_get_response 1.3.6.1.2.1.17.4.3.1.2	-	-	-	-	-	bro	Notice::ACTION_LOG	3600.000000	F	-	-	-	-	-
1517427838.413169	-	-	-	-	-	-	-	-	-	SNMP::EIoT	snmp_get_request 1.3.6.1.4.1.9.2.1.8.0	-	-	-	-	-	bro	Notice::ACTION_LOG	3600.000000	F	-	-	-	-	-
1517427838.421319	-	-	-	-	-	-	-	-	-	SNMP::EIoT	snmp_get_response 1.3.6.1.4.1.9.2.1.8.0	-	-	-	-	-	bro	Notice::ACTION_LOG	3600.000000	F	-	-	-	-	-
1517427838.423980	-	-	-	-	-	-	-	-	-	SNMP::EIoT	snmp_get_request 1.3.6.1.4.1.9.9.46.1.3.1.1.2	-	-	-	-	-	bro	Notice::ACTION_LOG	3600.000000	F	-	-	-	-	-
1517427838.431394	-	-	-	-	-	-	-	-	-	SNMP::EIoT	snmp_get_response 1.3.6.1.4.1.9.9.46.1.3.1.1.2	-	-	-	-	-	bro	Notice::ACTION_LOG	3600.000000	F	-	-	-	-	-
1517427838.433464	-	-	-	-	-	-	-	-	-	SNMP::EIoT	snmp_get_request 1.3.6.1.4.1.9.9.46.1.4.2.1.11	-	-	-	-	-	bro	Notice::ACTION_LOG	3600.000000	F	-	-	-	-	-
1517427838.441479	-	-	-	-	-	-	-	-	-	SNMP::EIoT	snmp_get_response 1.3.6.1.4.1.9.9.46.1.4.2.1.11	-	-	-	-	-	bro	Notice::ACTION_LOG	3600.000000	F	-	-	-	-	-
1517427838.443397	-	-	-	-	-	-	-	-	-	SNMP::EIoT	snmp_get_request 1.3.6.1.4.1.9.9.46.1.4.1.1.1	-	-	-	-	-	bro	Notice::ACTION_LOG	3600.000000	F	-	-	-	-	-
1517427838.451554	-	-	-	-	-	-	-	-	-	SNMP::EIoT	snmp_get_response 1.3.6.1.4.1.9.9.46.1.4.1.1.1	-	-	-	-	-	bro	Notice::ACTION_LOG	3600.000000	F	-	-	-	-	-
1517427838.453939	-	-	-	-	-	-	-	-	-	SNMP::EIoT	snmp_get_request 1.3.6.1.2.1.1.1.0	-	-	-	-	-	bro	Notice::ACTION_LOG	3600.000000	F	-	-	-	-	-
1517427838.461648	-	-	-	-	-	-	-	-	-	SNMP::EIoT	snmp_get_response 1.3.6.1.2.1.1.1.0	-	-	-	-	-	bro	Notice::ACTION_LOG	3600.000000	F	-	-	-	-	-
1517427838.463954	-	-	-	-	-	-	-	-	-	SNMP::EIoT	snmp_get_request 1.3.6.1.2.1.17.4.3.1.2	-	-	-	-	-	bro	Notice::ACTION_LOG	3600.000000	F	-	-	-	-	-
1517427838.471737	-	-	-	-	-	-	-	-	-	SNMP::EIoT	snmp_get_response 1.3.6.1.2.1.17.4.3.1.2	-	-	-	-	-	bro	Notice::ACTION_LOG	3600.000000	F	-	-	-	-	-
1517427838.473757	-	-	-	-	-	-	-	-	-	SNMP::EIoT	snmp_get_request 1.3.6.1.2.1.1.1.0	-	-	-	-	-	bro	Notice::ACTION_LOG	3600.000000	F	-	-	-	-	-
1517427838.481847	-	-	-	-	-	-	-	-	-	SNMP::EIoT	snmp_get_response 1.3.6.1.2.1.1.1.0	-	-	-	-	-	bro	Notice::ACTION_LOG	3600.000000	F	-	-	-	-	-
1517427838.484152	-	-	-	-	-	-	-	-	-	SNMP::EIoT	snmp_get_request 1.3.6.1.4.1.9.9.109.1.1.1.1.8	-	-	-	-	-	bro	Notice::ACTION_LOG	3600.000000	F	-	-	-	-	-
1517427838.491923	-	-	-	-	-	-	-	-	-	SNMP::EIoT	snmp_get_response 1.3.6.1.4.1.9.9.109.1.1.1.1.8	-	-	-	-	-	bro	Notice::ACTION_LOG	3600.000000	F	-	-	-	-	-
1517427838.494218	-	-	-	-	-	-	-	-	-	SNMP::EIoT	snmp_get_request 1.3.6.1.2.1.1.1.0	-	-	-	-	-	bro	Notice::ACTION_LOG	3600.000000	F	-	-	-	-	-
1517427838.502023	-	-	-	-	-	-	-	-	-	SNMP::EIoT	snmp_get_response 1.3.6.1.2.1.1.1.0	-	-	-	-	-	bro	Notice::ACTION_LOG	3600.000000	F	-	-	-	-	-
1517427838.504636	-	-	-	-	-	-	-	-	-	SNMP::EIoT	snmp_get_request 1.3.6.1.2.1.1.1.0	-	-	-	-	-	bro	Notice::ACTION_LOG	3600.000000	F	-	-	-	-	-
1517427838.512137	-	-	-	-	-	-	-	-	-	SNMP::EIoT	snmp_get_response 1.3.6.1.2.1.1.1.0	-	-	-	-	-	bro	Notice::ACTION_LOG	3600.000000	F	-	-	-	-	-
1517427838.514883	-	-	-	-	-	-	-	-	-	SNMP::EIoT	snmp_get_request 1.3.6.1.2.1.1.1.0	-	-	-	-	-	bro	Notice::ACTION_LOG	3600.000000	F	-	-	-	-	-
1517427838.522214	-	-	-	-	-	-	-	-	-	SNMP::EIoT	snmp_get_response 1.3.6.1.2.1.1.1.0	-	-	-	-	-	bro	Notice::ACTION_LOG	3600.000000	F	-	-	-	-	-
1517427838.524335	-	-	-	-	-	-	-	-	-	SNMP::EIoT	snmp_get_request 1.3.6.1.2.1.1.1.0	-	-	-	-	-	bro	Notice::ACTION_LOG	3600.000000	F	-	-	-	-	-
1517427838.532285	-	-	-	-	-	-	-	-	-	SNMP::EIoT	snmp_get_response 1.3.6.1.2.1.1.1.0	-	-	-	-	-	bro	Notice::ACTION_LOG	3600.000000	F	-	-	-	-	-
1517427838.535298	-	-	-	-	-	-	-	-	-	SNMP::EIoT	snmp_get_request 1.3.6.1.2.1.1.1.0	-	-	-	-	-	bro	Notice::ACTION_LOG	3600.000000	F	-	-	-	-	-
1517427838.542436	-	-	-	-	-	-	-	-	-	SNMP::EIoT	snmp_get_response 1.3.6.1.2.1.1.1.0	-	-	-	-	-	bro	Notice::ACTION_LOG	3600.000000	F	-	-	-	-	-
1517427838.545519	-	-	-	-	-	-	-	-	-	SNMP::EIoT	snmp_get_request 1.3.6.1.2.1.1.1.0	-	-	-	-	-	bro	Notice::ACTION_LOG	3600.000000	F	-	-	-	-	-
1517427838.552522	-	-	-	-	-	-	-	-	-	SNMP::EIoT	snmp_get_response 1.3.6.1.2.1.1.1.0	-	-	-	-	-	bro	Notice::ACTION_LOG	3600.000000	F	-	-	-	-	-
