1517427828.786478	-	-	-	-	-	-	-	-	-	SNMP::EIoT	snmp_get_request 1.3.6.1.2.1.1.1.0	-	-	-	-	-	bro	Notice::ACTION_LOG	3600.000000	F	-	-	-	-	-
1517427828.793929	-	-	-	-	-	-	-	-	-	SNMP::EIoT	snmp_get_response 1.3.6.1.2.1.1.1.0	-	-	-	-	-	bro	Notice::ACTION_LOG	3600.000000	F	-	-	-	-	-
1517427828.795872	-	-	-	-	-	-	-	-	-	SNMP::EIoT	snmp_get_request 1.3.6.1.4.1.9.9.109.1.1.1.1.8	-	-	-	-	-	bro	Notice::ACTION_LOG	3600.000000	F	-	-	-	-	-
1517427828.804004	-	-	-	-	-	-	-	-	-	SNMP::EIoT	snmp_get_response 1.3.6.1.4.1.9.9.109.1.1.1.1.8	-	-	-	-	-	bro	Notice::ACTION_LOG	3600.000000	F	-	-	-	-	-
1517427828.807024	-	-	-	-	-	-	-	-	-	SNMP::EIoT	snmp_get_request 1.3.6.1.2.1.17.4.3.1.2	-	-	-	-	-	bro	Notice::ACTION_LOG	3600.000000	F	-	-	-	-	-
1517427828.814079	-	-	-	-	-	-	-	-	-	SNMP::EIoT	snmp_get_response 1.3.6.1.2.1.17.4.3.1.2	-	-	-	-	-	bro	Notice::ACTION_LOG	3600.000000	F	-	-	-	-	-
1517427828.816080	-	-	-	-	-	-	-	-	-	SNMP::EIoT	snmp_get_request 1.3.6.1.4.1.9.2.1.8.0	-	-	-	-	-	bro	Notice::ACTION_LOG	3600.000000	F	-	-	-	-	-
1517427828.824144	-	-	-	-	-	-	-	-	-	SNMP::EIoT	snmp_get_response 1.3.6.1.4.1.9.2.1.8.0	-	-	-	-	-	bro	Notice::ACTION_LOG	3600.000000	F	-	-	-	-	-
1517427828.826049	-	-	-	-	-	-	-	-	-	SNMP::EIoT	snmp_get_request 1.3.6.1.4.1.9.9.46.1.3.1.1.2	-	-	-	-	-	bro	Notice::ACTION_LOG	3600.000000	F	-	-	-	-	-
1517427828.834219	-	-	-	-	-	-	-	-	-	SNMP::EIoT	snmp_get_response 1.3.6.1.4.1.9.9.46.1.3.1.1.2	-	-	-	-	-	bro	Notice::ACTION_LOG	3600.000000	F	-	-	-	-	-
1517427828.836786	-	-	-	-	-	-	-	-	-	SNMP::EIoT	snmp_get_request 1.3.6.1.4.1.9.9.46.1.4.2.1.11	-	-	-	-	-	bro	Notice::ACTION_LOG	3600.000000	F	-	-	-	-	-
1517427828.844316	-	-	-	-	-	-	-	-	-	SNMP::EIoT	snmp_get_response 1.3.6.1.4.1.9.9.46.1.4.2.1.11	-	-	-	-	-	bro	Notice::ACTION_LOG	3600.000000	F	-	-	-	-	-
1517427828.846825	-	-	-	-	-	-	-	-	-	SNMP::EIoT	snmp_get_request 1.3.6.1.4.1.9.9.46.1.4.1.1.1	-	-	-	-	-	bro	Notice::ACTION_LOG	3600.000000	F	-	-	-	-	-
1517427828.854394	-	-	-	-	-	-	-	-	-	SNMP::EIoT	snmp_get_response 1.3.6.1.4.1.9.9.46.1.4.1.1.1	-	-	-	-	-	bro	Notice::ACTION_LOG	3600.000000	F	-	-	-	-	-
1517427828.856328	-	-	-	-	-	-	-	-	-	SNMP::EIoT	snmp_get_request 1.3.6.1.2.1.1.1.0	-	-	-	-	-	bro	Notice::ACTION_LOG	3600.000000	F	-	-	-	-	-
1517427828.864447	-	-	-	-	-	-	-	-	-	SNMP::EIoT	snmp_get_response 1.3.6.1.2.1.1.1.0	-	-	-	-	-	bro	Notice::ACTION_LOG	3600.000000	F	-	-	-	-	-
1517427828.866310	-	-	-	-	-	-	-	-	-	SNMP::EIoT	snmp_get_request 1.3.6.1.2.1.17.4.3.1.2	-	-	-	-	-	bro	Notice::ACTION_LOG	3600.000000	F	-	-	-	-	-
1517427828.874548	-	-	-	-	-	-	-	-	-	SNMP::EIoT	snmp_get_response 1.3.6.1.2.1.17.4.3.1.2	-	-	-	-	-	bro	Notice::ACTION_LOG	3600.000000	F	-	-	-	-	-
1517427828.877802	-	-	-	-	-	-	-	-	-	SNMP::EIoT	snmp_get_request 1.3.6.1.4.1.9.2.1.8.0	-	-	-	-	-	bro	Notice::ACTION_LOG	3600.000000	F	-	-	-	-	-
1517427828.884632	-	-	-	-	-	-	-	-	-	SNMP::EIoT	snmp_get_response 1.3.6.1.4.1.9.2.1.8.0	-	-	-	-	-	bro	Notice::ACTION_LOG	3600.000000	F	-	-	-	-	-
1517427828.887489	-	-	-	-	-	-	-	-	-	SNMP::EIoT	snmp_get_request 1.3.6.1.4.1.9.9.46.1.3.1.1.2	-	-	-	-	-	bro	Notice::ACTION_LOG	3600.000000	F	-	-	-	-	-
1517427828.894709	-	-	-	-	-	-	-	-	-	SNMP::EIoT	snmp_get_response 1.3.6.1.4.1.9.9.46.1.3.1.1.2	-	-	-	-	-	bro	Notice::ACTION_LOG	3600.000000	F	-	-	-	-	-
1517427828.896878	-	-	-	-	-	-	-	-	-	SNMP::EIoT	snmp_get_request 1.3.6.1.2.1.1.1.0	-	-	-	-	-	bro	Notice::ACTION_LOG	3600.000000	F	-	-	-	-	-
1517427828.904827	-	-	-	-	-	-	-	-	-	SNMP::EIoT	snmp_get_response 1.3.6.1.2.1.1.1.0	-	-	-	-	-	bro	Notice::ACTION_LOG	3600.000000	F	-	-	-	-	-
1517427828.906971	-	-	-	-	-	-	-	-	-	SNMP::EIoT	snmp_get_request 1.3.6.1.2.1.1.1.0	-	-	-	-	-	bro	Notice::ACTION_LOG	3600.000000	F	-	-	-	-	-
1517427828.914904	-	-	-	-	-	-	-	-	-	SNMP::EIoT	snmp_get_response 1.3.6.1.2.1.1.1.0	-	-	-	-	-	bro	Notice::ACTION_LOG	3600.000000	F	-	-	-	-	-
1517427828.917592	-	-	-	-	-	-	-	-	-	SNMP::EIoT	snmp_get_request 1.3.6.1.2.1.1.1.0	-	-	-	-	-	bro	Notice::ACTION_LOG	3600.000000	F	-	-	-	-	-
1517427828.925002	-	-	-	-	-	-	-	-	-	SNMP::EIoT	snmp_get_response 1.3.6.1.2.1.1.1.0	-	-	-	-	-	bro	Notice::ACTION_LOG	3600.000000	F	-	-	-	-	-
1517427828.927864	-	-	-	-	-	-	-	-	-	SNMP::EIoT	snmp_get_request 1.3.6.1.2.1.1.1.0	-	-	-	-	-	bro	Notice::ACTION_LOG	3600.000000	F	-	-	-	-	-
1517427828.935085	-	-	-	-	-	-	-	-	-	SNMP::EIoT	snmp_get_response 1.3.6.1.2.1.1.1.0	-	-	-	-	-	bro	Notice::ACTION_LOG	3600.000000	F	-	-	-	-	-
1517427828.937347	-	-	-	-	-	-	-	-	-	SNMP::EIoT	snmp_get_request 1.3.6.1.2.1.1.1.0	-	-	-	-	-	bro	Notice::ACTION_LOG	3600.000000	F	-	-	-	-	-
1517427828.945157	-	-	-	-	-	-	-	-	-	SNMP::EIoT	snmp_get_response 1.3.6.1.2.1.1.1.0	-	-	-	-	-	bro	Notice::ACTION_LOG	3600.000000	F	-	-	-	-	-
1517427828.947180	-	-	-	-	-	-	-	-	-	SNMP::EIoT	snmp_get_request 1.3.6.1.2.1.1.1.0	-	-	-	-	-	bro	Notice::ACTION_LOG	3600.000000	F	-	-	-	-	-
1517427828.955232	-	-	-	-	-	-	-	-	-	SNMP::EIoT	snmp_get_response 1.3.6.1.2.1.1.1.0	-	-	-	-	-	bro	Notice::ACTION_LOG	3600.000000	F	-	-	-	-	-
1517427828.958412	-	-	-	-	-	-	-	-	-	SNMP::EIoT	snmp_get_request 1.3.6.1.2.1.1.1.0	-	-	-	-	-	bro	Notice::ACTION_LOG	3600.000000	F	-	-	-	-	-
1517427828.965323	-	-	-	-	-	-	-	-	-	SNMP::EIoT	snmp_get_response 1.3.6.1.2.1.1.1.0	-	-	-	-	-	bro	Notice::ACTION_LOG	3600.000000	F	-	-	-	-	-
