1517427716.348588	-	-	-	-	-	-	-	-	-	SNMP::EIoT	snmp_get_request 1.3.6.1.2.1.1.1.0	-	-	-	-	-	bro	Notice::ACTION_LOG	3600.000000	F	-	-	-	-	-
1517427716.355183	-	-	-	-	-	-	-	-	-	SNMP::EIoT	snmp_get_response 1.3.6.1.2.1.1.1.0	-	-	-	-	-	bro	Notice::ACTION_LOG	3600.000000	F	-	-	-	-	-
1517427716.357566	-	-	-	-	-	-	-	-	-	SNMP::EIoT	snmp_get_request 1.3.6.1.4.1.9.9.109.1.1.1.1.8	-	-	-	-	-	bro	Notice::ACTION_LOG	3600.000000	F	-	-	-	-	-
1517427716.365317	-	-	-	-	-	-	-	-	-	SNMP::EIoT	snmp_get_response 1.3.6.1.4.1.9.9.109.1.1.1.1.8	-	-	-	-	-	bro	Notice::ACTION_LOG	3600.000000	F	-	-	-	-	-
1517427716.367635	-	-	-	-	-	-	-	-	-	SNMP::EIoT	snmp_get_request 1.3.6.1.2.1.17.4.3.1.2	-	-	-	-	-	bro	Notice::ACTION_LOG	3600.000000	F	-	-	-	-	-
1517427716.375382	-	-	-	-	-	-	-	-	-	SNMP::EIoT	snmp_get_response 1.3.6.1.2.1.17.4.3.1.2	-	-	-	-	-	bro	Notice::ACTION_LOG	3600.000000	F	-	-	-	-	-
1517427716.377420	-	-	-	-	-	-	-	-	-	SNMP::EIoT	snmp_get_request 1.3.6.1.4.1.9.2.1.8.0	-	-	-	-	-	bro	Notice::ACTION_LOG	3600.000000	F	-	-	-	-	-
1517427716.385507	-	-	-	-	-	-	-	-	-	SNMP::EIoT	snmp_get_response 1.3.6.1.4.1.9.2.1.8.0	-	-	-	-	-	bro	Notice::ACTION_LOG	3600.000000	F	-	-	-	-	-
1517427716.389085	-	-	-	-	-	-	-	-	-	SNMP::EIoT	snmp_get_request 1.3.6.1.4.1.9.9.46.1.3.1.1.2	-	-	-	-	-	bro	Notice::ACTION_LOG	3600.000000	F	-	-	-	-	-
1517427716.395576	-	-	-	-	-	-	-	-	-	SNMP::EIoT	snmp_get_response 1.3.6.1.4.1.9.9.46.1.3.1.1.2	-	-	-	-	-	bro	Notice::ACTION_LOG	3600.000000	F	-	-	-	-	-
1517427716.397695	-	-	-	-	-	-	-	-	-	SNMP::EIoT	snmp_get_request 1.3.6.1.4.1.9.9.46.1.4.2.1.11	-	-	-	-	-	bro	Notice::ACTION_LOG	3600.000000	F	-	-	-	-	-
1517427716.405647	-	-	-	-	-	-	-	-	-	SNMP::EIoT	snmp_get_response 1.3.6.1.4.1.9.9.46.1.4.2.1.11	-	-	-	-	-	bro	Notice::ACTION_LOG	3600.000000	F	-	-	-	-	-
1517427716.407541	-	-	-	-	-	-	-	-	-	SNMP::EIoT	snmp_get_request 1.3.6.1.4.1.9.9.46.1.4.1.1.1	-	-	-	-	-	bro	Notice::ACTION_LOG	3600.000000	F	-	-	-	-	-
1517427716.415745	-	-	-	-	-	-	-	-	-	SNMP::EIoT	snmp_get_response 1.3.6.1.4.1.9.9.46.1.4.1.1.1	-	-	-	-	-	bro	Notice::ACTION_LOG	3600.000000	F	-	-	-	-	-
1517427716.417998	-	-	-	-	-	-	-	-	-	SNMP::EIoT	snmp_get_request 1.3.6.1.2.1.1.1.0	-	-	-	-	-	bro	Notice::ACTION_LOG	3600.000000	F	-	-	-	-	-
1517427716.425890	-	-	-	-	-	-	-	-	-	SNMP::EIoT	snmp_get_response 1.3.6.1.2.1.1.1.0	-	-	-	-	-	bro	Notice::ACTION_LOG	3600.000000	F	-	-	-	-	-
1517427716.428464	-	-	-	-	-	-	-	-	-	SNMP::EIoT	snmp_get_request 1.3.6.1.2.1.17.4.3.1.2	-	-	-	-	-	bro	Notice::ACTION_LOG	3600.000000	F	-	-	-	-	-
1517427716.435963	-	-	-	-	-	-	-	-	-	SNMP::EIoT	snmp_get_response 1.3.6.1.2.1.17.4.3.1.2	-	-	-	-	-	bro	Notice::ACTION_LOG	3600.000000	F	-	-	-	-	-
1517427716.437729	-	-	-	-	-	-	-	-	-	SNMP::EIoT	snmp_get_request 1.3.6.1.4.1.9.2.1.8.0	-	-	-	-	-	bro	Notice::ACTION_LOG	3600.000000	F	-	-	-	-	-
1517427716.446090	-	-	-	-	-	-	-	-	-	SNMP::EIoT	snmp_get_response 1.3.6.1.4.1.9.2.1.8.0	-	-	-	-	-	bro	Notice::ACTION_LOG	3600.000000	F	-	-	-	-	-
1517427716.448495	-	-	-	-	-	-	-	-	-	SNMP::EIoT	snmp_get_request 1.3.6.1.4.1.9.9.46.1.4.2.1.11	-	-	-	-	-	bro	Notice::ACTION_LOG	3600.000000	F	-	-	-	-	-
1517427716.456151	-	-	-	-	-	-	-	-	-	SNMP::EIoT	snmp_get_response 1.3.6.1.4.1.9.9.46.1.4.2.1.11	-	-	-	-	-	bro	Notice::ACTION_LOG	3600.000000	F	-	-	-	-	-
1517427716.458221	-	-	-	-	-	-	-	-	-	SNMP::EIoT	snmp_get_request 1.3.6.1.4.1.9.9.46.1.4.1.1.1	-	-	-	-	-	bro	Notice::ACTION_LOG	3600.000000	F	-	-	-	-	-
1517427716.466254	-	-	-	-	-	-	-	-	-	SNMP::EIoT	snmp_get_response 1.3.6.1.4.1.9.9.46.1.4.1.1.1	-	-	-	-	-	bro	Notice::ACTION_LOG	3600.000000	F	-	-	-	-	-
1517427716.468937	-	-	-	-	-	-	-	-	-	SNMP::EIoT	snmp_get_request 1.3.6.1.2.1.1.1.0	-	-	-	-	-	bro	Notice::ACTION_LOG	3600.000000	F	-	-	-	-	-
1517427716.476364	-	-	-	-	-	-	-	-	-	SNMP::EIoT	snmp_get_response 1.3.6.1.2.1.1.1.0	-	-	-	-	-	bro	Notice::ACTION_LOG	3600.000000	F	-	-	-	-	-
