1517427720.910749	-	-	-	-	-	-	-	-	-	SNMP::EIoT	snmp_get_request 1.3.6.1.2.1.1.1.0	-	-	-	-	-	bro	Notice::ACTION_LOG	3600.000000	F	-	-	-	-	-
1517427720.918327	-	-	-	-	-	-	-	-	-	SNMP::EIoT	snmp_get_response 1.3.6.1.2.1.1.1.0	-	-	-	-	-	bro	Notice::ACTION_LOG	3600.000000	F	-	-	-	-	-
1517427720.921104	-	-	-	-	-	-	-	-	-	SNMP::EIoT	snmp_get_request 1.3.6.1.4.1.9.9.109.1.1.1.1.8	-	-	-	-	-	bro	Notice::ACTION_LOG	3600.000000	F	-	-	-	-	-
1517427720.928417	-	-	-	-	-	-	-	-	-	SNMP::EIoT	snmp_get_response 1.3.6.1.4.1.9.9.109.1.1.1.1.8	-	-	-	-	-	bro	Notice::ACTION_LOG	3600.000000	F	-	-	-	-	-
1517427720.930465	-	-	-	-	-	-	-	-	-	SNMP::EIoT	snmp_get_request 1.3.6.1.2.1.17.4.3.1.2	-	-	-	-	-	bro	Notice::ACTION_LOG	3600.000000	F	-	-	-	-	-
1517427720.938495	-	-	-	-	-	-	-	-	-	SNMP::EIoT	snmp_get_response 1.3.6.1.2.1.17.4.3.1.2	-	-	-	-	-	bro	Notice::ACTION_LOG	3600.000000	F	-	-	-	-	-
1517427720.940938	-	-	-	-	-	-	-	-	-	SNMP::EIoT	snmp_get_request 1.3.6.1.4.1.9.2.1.8.0	-	-	-	-	-	bro	Notice::ACTION_LOG	3600.000000	F	-	-	-	-	-
1517427720.948591	-	-	-	-	-	-	-	-	-	SNMP::EIoT	snmp_get_response 1.3.6.1.4.1.9.2.1.8.0	-	-	-	-	-	bro	Notice::ACTION_LOG	3600.000000	F	-	-	-	-	-
1517427720.951333	-	-	-	-	-	-	-	-	-	SNMP::EIoT	snmp_get_request 1.3.6.1.4.1.9.9.46.1.3.1.1.2	-	-	-	-	-	bro	Notice::ACTION_LOG	3600.000000	F	-	-	-	-	-
1517427720.958664	-	-	-	-	-	-	-	-	-	SNMP::EIoT	snmp_get_response 1.3.6.1.4.1.9.9.46.1.3.1.1.2	-	-	-	-	-	bro	Notice::ACTION_LOG	3600.000000	F	-	-	-	-	-
1517427720.960764	-	-	-	-	-	-	-	-	-	SNMP::EIoT	snmp_get_request 1.3.6.1.4.1.9.9.46.1.4.2.1.11	-	-	-	-	-	bro	Notice::ACTION_LOG	3600.000000	F	-	-	-	-	-
1517427720.968740	-	-	-	-	-	-	-	-	-	SNMP::EIoT	snmp_get_response 1.3.6.1.4.1.9.9.46.1.4.2.1.11	-	-	-	-	-	bro	Notice::ACTION_LOG	3600.000000	F	-	-	-	-	-
1517427720.970823	-	-	-	-	-	-	-	-	-	SNMP::EIoT	snmp_get_request 1.3.6.1.4.1.9.9.46.1.4.1.1.1	-	-	-	-	-	bro	Notice::ACTION_LOG	3600.000000	F	-	-	-	-	-
1517427720.978851	-	-	-	-	-	-	-	-	-	SNMP::EIoT	snmp_get_response 1.3.6.1.4.1.9.9.46.1.4.1.1.1	-	-	-	-	-	bro	Notice::ACTION_LOG	3600.000000	F	-	-	-	-	-
1517427720.981501	-	-	-	-	-	-	-	-	-	SNMP::EIoT	snmp_get_request 1.3.6.1.2.1.1.1.0	-	-	-	-	-	bro	Notice::ACTION_LOG	3600.000000	F	-	-	-	-	-
1517427720.988923	-	-	-	-	-	-	-	-	-	SNMP::EIoT	snmp_get_response 1.3.6.1.2.1.1.1.0	-	-	-	-	-	bro	Notice::ACTION_LOG	3600.000000	F	-	-	-	-	-
1517427720.990963	-	-	-	-	-	-	-	-	-	SNMP::EIoT	snmp_get_request 1.3.6.1.2.1.17.4.3.1.2	-	-	-	-	-	bro	Notice::ACTION_LOG	3600.000000	F	-	-	-	-	-
1517427720.998972	-	-	-	-	-	-	-	-	-	SNMP::EIoT	snmp_get_response 1.3.6.1.2.1.17.4.3.1.2	-	-	-	-	-	bro	Notice::ACTION_LOG	3600.000000	F	-	-	-	-	-
1517427721.000945	-	-	-	-	-	-	-	-	-	SNMP::EIoT	snmp_get_request 1.3.6.1.4.1.9.9.46.1.3.1.1.2	-	-	-	-	-	bro	Notice::ACTION_LOG	3600.000000	F	-	-	-	-	-
1517427721.009051	-	-	-	-	-	-	-	-	-	SNMP::EIoT	snmp_get_response 1.3.6.1.4.1.9.9.46.1.3.1.1.2	-	-	-	-	-	bro	Notice::ACTION_LOG	3600.000000	F	-	-	-	-	-
1517427721.011446	-	-	-	-	-	-	-	-	-	SNMP::EIoT	snmp_get_request 1.3.6.1.4.1.9.9.46.1.4.2.1.11	-	-	-	-	-	bro	Notice::ACTION_LOG	3600.000000	F	-	-	-	-	-
1517427721.019160	-	-	-	-	-	-	-	-	-	SNMP::EIoT	snmp_get_response 1.3.6.1.4.1.9.9.46.1.4.2.1.11	-	-	-	-	-	bro	Notice::ACTION_LOG	3600.000000	F	-	-	-	-	-
1517427721.022244	-	-	-	-	-	-	-	-	-	SNMP::EIoT	snmp_get_request 1.3.6.1.2.1.1.1.0	-	-	-	-	-	bro	Notice::ACTION_LOG	3600.000000	F	-	-	-	-	-
1517427721.029245	-	-	-	-	-	-	-	-	-	SNMP::EIoT	snmp_get_response 1.3.6.1.2.1.1.1.0	-	-	-	-	-	bro	Notice::ACTION_LOG	3600.000000	F	-	-	-	-	-
1517427721.032455	-	-	-	-	-	-	-	-	-	SNMP::EIoT	snmp_get_request 1.3.6.1.4.1.9.9.109.1.1.1.1.8	-	-	-	-	-	bro	Notice::ACTION_LOG	3600.000000	F	-	-	-	-	-
1517427721.039322	-	-	-	-	-	-	-	-	-	SNMP::EIoT	snmp_get_response 1.3.6.1.4.1.9.9.109.1.1.1.1.8	-	-	-	-	-	bro	Notice::ACTION_LOG	3600.000000	F	-	-	-	-	-
