#separator \x09
#set_separator	,
#empty_field	(empty)
#unset_field	-
#path	notice
#open	2018-06-25-01-23-24
#fields	ts	uid	id.orig_h	id.orig_p	id.resp_h	id.resp_p	fuid	file_mime_type	file_desc	proto	note	msg	sub	src	dst	p	n	peer_descr	actions	suppress_for	dropped	remote_location.country_code	remote_location.region	remote_location.city	remote_location.latitude	remote_location.longitude
#types	time	string	addr	port	addr	port	string	string	string	enum	enum	string	string	addr	addr	port	count	string	set[enum]	interval	bool	string	string	string	double	double
1529277028.501901	-	-	-	-	-	-	-	-	-	HTTP::EIoT	PUT, /api/newdeveloper/groups/0/action	-	-	-	-	-	bro	Notice::ACTION_LOG	3600.000000	F	-	-	-	-	-
1529277028.501901	-	-	-	-	-	-	-	-	-	HTTP::EIoT	PUT, {on:false	-	-	-	-	-	bro	Notice::ACTION_LOG	3600.000000	F	-	-	-	-	-
1529277028.523544	-	-	-	-	-	-	-	-	-	HTTP::EIoT	PUT, /api/newdeveloper/groups/0/action	-	-	-	-	-	bro	Notice::ACTION_LOG	3600.000000	F	-	-	-	-	-
1529277028.523544	-	-	-	-	-	-	-	-	-	HTTP::EIoT	PUT, {on:true}	-	-	-	-	-	bro	Notice::ACTION_LOG	3600.000000	F	-	-	-	-	-
1529277028.539946	-	-	-	-	-	-	-	-	-	HTTP::EIoT	PUT, /api/newdeveloper/groups/0/action	-	-	-	-	-	bro	Notice::ACTION_LOG	3600.000000	F	-	-	-	-	-
1529277028.539946	-	-	-	-	-	-	-	-	-	HTTP::EIoT	PUT, {on:false}	-	-	-	-	-	bro	Notice::ACTION_LOG	3600.000000	F	-	-	-	-	-
1529277028.557034	-	-	-	-	-	-	-	-	-	HTTP::EIoT	PUT, /api/newdeveloper/groups/0/action	-	-	-	-	-	bro	Notice::ACTION_LOG	3600.000000	F	-	-	-	-	-
1529277028.557034	-	-	-	-	-	-	-	-	-	HTTP::EIoT	PUT, {on:false}	-	-	-	-	-	bro	Notice::ACTION_LOG	3600.000000	F	-	-	-	-	-
1529277028.584129	-	-	-	-	-	-	-	-	-	HTTP::EIoT	PUT, /api/newdeveloper/groups/0/action	-	-	-	-	-	bro	Notice::ACTION_LOG	3600.000000	F	-	-	-	-	-
1529277028.584129	-	-	-	-	-	-	-	-	-	HTTP::EIoT	PUT, {on:false}	-	-	-	-	-	bro	Notice::ACTION_LOG	3600.000000	F	-	-	-	-	-
1529277028.606064	-	-	-	-	-	-	-	-	-	HTTP::EIoT	PUT, /api/newdeveloper/groups/0/action	-	-	-	-	-	bro	Notice::ACTION_LOG	3600.000000	F	-	-	-	-	-
1529277028.606064	-	-	-	-	-	-	-	-	-	HTTP::EIoT	PUT, {on:true}	-	-	-	-	-	bro	Notice::ACTION_LOG	3600.000000	F	-	-	-	-	-
1529277028.637972	-	-	-	-	-	-	-	-	-	HTTP::EIoT	PUT, /api/newdeveloper/groups/0/action	-	-	-	-	-	bro	Notice::ACTION_LOG	3600.000000	F	-	-	-	-	-
1529277028.637972	-	-	-	-	-	-	-	-	-	HTTP::EIoT	PUT, {on:false	-	-	-	-	-	bro	Notice::ACTION_LOG	3600.000000	F	-	-	-	-	-
1529277028.654054	-	-	-	-	-	-	-	-	-	HTTP::EIoT	PUT, /api/newdeveloper/groups/0/action	-	-	-	-	-	bro	Notice::ACTION_LOG	3600.000000	F	-	-	-	-	-
1529277028.654054	-	-	-	-	-	-	-	-	-	HTTP::EIoT	PUT, {on:true}	-	-	-	-	-	bro	Notice::ACTION_LOG	3600.000000	F	-	-	-	-	-
1529277028.671645	-	-	-	-	-	-	-	-	-	HTTP::EIoT	PUT, /api/newdeveloper/groups/0/action	-	-	-	-	-	bro	Notice::ACTION_LOG	3600.000000	F	-	-	-	-	-
1529277028.671645	-	-	-	-	-	-	-	-	-	HTTP::EIoT	PUT, {on:false	-	-	-	-	-	bro	Notice::ACTION_LOG	3600.000000	F	-	-	-	-	-
1529277028.694638	-	-	-	-	-	-	-	-	-	HTTP::EIoT	PUT, /api/newdeveloper/groups/0/action	-	-	-	-	-	bro	Notice::ACTION_LOG	3600.000000	F	-	-	-	-	-
1529277028.694638	-	-	-	-	-	-	-	-	-	HTTP::EIoT	PUT, {on:true}	-	-	-	-	-	bro	Notice::ACTION_LOG	3600.000000	F	-	-	-	-	-
1529277028.723628	-	-	-	-	-	-	-	-	-	HTTP::EIoT	PUT, /api/newdeveloper/groups/0/action	-	-	-	-	-	bro	Notice::ACTION_LOG	3600.000000	F	-	-	-	-	-
1529277028.723628	-	-	-	-	-	-	-	-	-	HTTP::EIoT	PUT, {on:false	-	-	-	-	-	bro	Notice::ACTION_LOG	3600.000000	F	-	-	-	-	-
1529277028.741367	-	-	-	-	-	-	-	-	-	HTTP::EIoT	PUT, /api/newdeveloper/groups/0/action	-	-	-	-	-	bro	Notice::ACTION_LOG	3600.000000	F	-	-	-	-	-
1529277028.741367	-	-	-	-	-	-	-	-	-	HTTP::EIoT	PUT, {on:true}	-	-	-	-	-	bro	Notice::ACTION_LOG	3600.000000	F	-	-	-	-	-
1529277028.770859	-	-	-	-	-	-	-	-	-	HTTP::EIoT	PUT, /api/newdeveloper/groups/0/action	-	-	-	-	-	bro	Notice::ACTION_LOG	3600.000000	F	-	-	-	-	-
1529277028.770859	-	-	-	-	-	-	-	-	-	HTTP::EIoT	PUT, {on:false	-	-	-	-	-	bro	Notice::ACTION_LOG	3600.000000	F	-	-	-	-	-
1529277028.797869	-	-	-	-	-	-	-	-	-	HTTP::EIoT	PUT, /api/newdeveloper/groups/0/action	-	-	-	-	-	bro	Notice::ACTION_LOG	3600.000000	F	-	-	-	-	-
1529277028.797869	-	-	-	-	-	-	-	-	-	HTTP::EIoT	PUT, {on:true}	-	-	-	-	-	bro	Notice::ACTION_LOG	3600.000000	F	-	-	-	-	-
1529277028.825261	-	-	-	-	-	-	-	-	-	HTTP::EIoT	PUT, /api/newdeveloper/groups/0/action	-	-	-	-	-	bro	Notice::ACTION_LOG	3600.000000	F	-	-	-	-	-
1529277028.825261	-	-	-	-	-	-	-	-	-	HTTP::EIoT	PUT, {on:false	-	-	-	-	-	bro	Notice::ACTION_LOG	3600.000000	F	-	-	-	-	-
1529277028.850551	-	-	-	-	-	-	-	-	-	HTTP::EIoT	PUT, /api/newdeveloper/groups/0/action	-	-	-	-	-	bro	Notice::ACTION_LOG	3600.000000	F	-	-	-	-	-
1529277028.850551	-	-	-	-	-	-	-	-	-	HTTP::EIoT	PUT, {on:true}	-	-	-	-	-	bro	Notice::ACTION_LOG	3600.000000	F	-	-	-	-	-
#close	2018-06-25-01-23-24
