#separator \x09
#set_separator	,
#empty_field	(empty)
#unset_field	-
#path	notice
#open	2018-06-25-01-39-18
#fields	ts	uid	id.orig_h	id.orig_p	id.resp_h	id.resp_p	fuid	file_mime_type	file_desc	proto	note	msg	sub	src	dst	p	n	peer_descr	actions	suppress_for	dropped	remote_location.country_code	remote_location.region	remote_location.city	remote_location.latitude	remote_location.longitude
#types	time	string	addr	port	addr	port	string	string	string	enum	enum	string	string	addr	addr	port	count	string	set[enum]	interval	bool	string	string	string	double	double
1529277145.005448	-	-	-	-	-	-	-	-	-	HTTP::EIoT	PUT, /api/newdeveloper/groups/0/action	-	-	-	-	-	bro	Notice::ACTION_LOG	3600.000000	F	-	-	-	-	-
1529277145.005448	-	-	-	-	-	-	-	-	-	HTTP::EIoT	PUT, {on:false	-	-	-	-	-	bro	Notice::ACTION_LOG	3600.000000	F	-	-	-	-	-
1529277145.026990	-	-	-	-	-	-	-	-	-	HTTP::EIoT	PUT, /api/newdeveloper/groups/0/action	-	-	-	-	-	bro	Notice::ACTION_LOG	3600.000000	F	-	-	-	-	-
1529277145.026990	-	-	-	-	-	-	-	-	-	HTTP::EIoT	PUT, {on:true}	-	-	-	-	-	bro	Notice::ACTION_LOG	3600.000000	F	-	-	-	-	-
1529277145.049873	-	-	-	-	-	-	-	-	-	HTTP::EIoT	PUT, /api/newdeveloper/groups/0/action	-	-	-	-	-	bro	Notice::ACTION_LOG	3600.000000	F	-	-	-	-	-
1529277145.049873	-	-	-	-	-	-	-	-	-	HTTP::EIoT	PUT, {on:true}	-	-	-	-	-	bro	Notice::ACTION_LOG	3600.000000	F	-	-	-	-	-
1529277145.069913	-	-	-	-	-	-	-	-	-	HTTP::EIoT	PUT, /api/newdeveloper/groups/0/action	-	-	-	-	-	bro	Notice::ACTION_LOG	3600.000000	F	-	-	-	-	-
1529277145.069913	-	-	-	-	-	-	-	-	-	HTTP::EIoT	PUT, {on:false	-	-	-	-	-	bro	Notice::ACTION_LOG	3600.000000	F	-	-	-	-	-
1529277145.089878	-	-	-	-	-	-	-	-	-	HTTP::EIoT	PUT, /api/newdeveloper/groups/0/action	-	-	-	-	-	bro	Notice::ACTION_LOG	3600.000000	F	-	-	-	-	-
1529277145.089878	-	-	-	-	-	-	-	-	-	HTTP::EIoT	PUT, {on:true}	-	-	-	-	-	bro	Notice::ACTION_LOG	3600.000000	F	-	-	-	-	-
1529277145.118131	-	-	-	-	-	-	-	-	-	HTTP::EIoT	PUT, /api/newdeveloper/groups/0/action	-	-	-	-	-	bro	Notice::ACTION_LOG	3600.000000	F	-	-	-	-	-
1529277145.118131	-	-	-	-	-	-	-	-	-	HTTP::EIoT	PUT, {on:true}	-	-	-	-	-	bro	Notice::ACTION_LOG	3600.000000	F	-	-	-	-	-
1529277145.137150	-	-	-	-	-	-	-	-	-	HTTP::EIoT	PUT, /api/newdeveloper/groups/0/action	-	-	-	-	-	bro	Notice::ACTION_LOG	3600.000000	F	-	-	-	-	-
1529277145.137150	-	-	-	-	-	-	-	-	-	HTTP::EIoT	PUT, {on:false	-	-	-	-	-	bro	Notice::ACTION_LOG	3600.000000	F	-	-	-	-	-
1529277145.164002	-	-	-	-	-	-	-	-	-	HTTP::EIoT	PUT, /api/newdeveloper/groups/0/action	-	-	-	-	-	bro	Notice::ACTION_LOG	3600.000000	F	-	-	-	-	-
1529277145.164002	-	-	-	-	-	-	-	-	-	HTTP::EIoT	PUT, {on:true}	-	-	-	-	-	bro	Notice::ACTION_LOG	3600.000000	F	-	-	-	-	-
1529277145.182007	-	-	-	-	-	-	-	-	-	HTTP::EIoT	PUT, /api/newdeveloper/groups/0/action	-	-	-	-	-	bro	Notice::ACTION_LOG	3600.000000	F	-	-	-	-	-
1529277145.182007	-	-	-	-	-	-	-	-	-	HTTP::EIoT	PUT, {on:false	-	-	-	-	-	bro	Notice::ACTION_LOG	3600.000000	F	-	-	-	-	-
1529277145.218211	-	-	-	-	-	-	-	-	-	HTTP::EIoT	PUT, /api/newdeveloper/groups/0/action	-	-	-	-	-	bro	Notice::ACTION_LOG	3600.000000	F	-	-	-	-	-
1529277145.218211	-	-	-	-	-	-	-	-	-	HTTP::EIoT	PUT, {on:true}	-	-	-	-	-	bro	Notice::ACTION_LOG	3600.000000	F	-	-	-	-	-
1529277145.238331	-	-	-	-	-	-	-	-	-	HTTP::EIoT	PUT, /api/newdeveloper/groups/0/action	-	-	-	-	-	bro	Notice::ACTION_LOG	3600.000000	F	-	-	-	-	-
1529277145.238331	-	-	-	-	-	-	-	-	-	HTTP::EIoT	PUT, {on:false	-	-	-	-	-	bro	Notice::ACTION_LOG	3600.000000	F	-	-	-	-	-
1529277145.266270	-	-	-	-	-	-	-	-	-	HTTP::EIoT	PUT, /api/newdeveloper/groups/0/action	-	-	-	-	-	bro	Notice::ACTION_LOG	3600.000000	F	-	-	-	-	-
1529277145.266270	-	-	-	-	-	-	-	-	-	HTTP::EIoT	PUT, {on:true}	-	-	-	-	-	bro	Notice::ACTION_LOG	3600.000000	F	-	-	-	-	-
1529277145.292958	-	-	-	-	-	-	-	-	-	HTTP::EIoT	PUT, /api/newdeveloper/groups/0/action	-	-	-	-	-	bro	Notice::ACTION_LOG	3600.000000	F	-	-	-	-	-
1529277145.292958	-	-	-	-	-	-	-	-	-	HTTP::EIoT	PUT, {on:false	-	-	-	-	-	bro	Notice::ACTION_LOG	3600.000000	F	-	-	-	-	-
1529277145.317841	-	-	-	-	-	-	-	-	-	HTTP::EIoT	PUT, /api/newdeveloper/groups/0/action	-	-	-	-	-	bro	Notice::ACTION_LOG	3600.000000	F	-	-	-	-	-
1529277145.317841	-	-	-	-	-	-	-	-	-	HTTP::EIoT	PUT, {on:true}	-	-	-	-	-	bro	Notice::ACTION_LOG	3600.000000	F	-	-	-	-	-
1529277145.341433	-	-	-	-	-	-	-	-	-	HTTP::EIoT	PUT, /api/newdeveloper/groups/0/action	-	-	-	-	-	bro	Notice::ACTION_LOG	3600.000000	F	-	-	-	-	-
1529277145.341433	-	-	-	-	-	-	-	-	-	HTTP::EIoT	PUT, {on:false	-	-	-	-	-	bro	Notice::ACTION_LOG	3600.000000	F	-	-	-	-	-
1529277145.365825	-	-	-	-	-	-	-	-	-	HTTP::EIoT	PUT, /api/newdeveloper/groups/0/action	-	-	-	-	-	bro	Notice::ACTION_LOG	3600.000000	F	-	-	-	-	-
1529277145.365825	-	-	-	-	-	-	-	-	-	HTTP::EIoT	PUT, {on:true}	-	-	-	-	-	bro	Notice::ACTION_LOG	3600.000000	F	-	-	-	-	-
1529277145.386433	-	-	-	-	-	-	-	-	-	HTTP::EIoT	PUT, /api/newdeveloper/groups/0/action	-	-	-	-	-	bro	Notice::ACTION_LOG	3600.000000	F	-	-	-	-	-
1529277145.386433	-	-	-	-	-	-	-	-	-	HTTP::EIoT	PUT, {on:false	-	-	-	-	-	bro	Notice::ACTION_LOG	3600.000000	F	-	-	-	-	-
1529277145.421884	-	-	-	-	-	-	-	-	-	HTTP::EIoT	PUT, /api/newdeveloper/groups/0/action	-	-	-	-	-	bro	Notice::ACTION_LOG	3600.000000	F	-	-	-	-	-
1529277145.421884	-	-	-	-	-	-	-	-	-	HTTP::EIoT	PUT, {on:true}	-	-	-	-	-	bro	Notice::ACTION_LOG	3600.000000	F	-	-	-	-	-
#close	2018-06-25-01-39-19
