#separator \x09
#set_separator	,
#empty_field	(empty)
#unset_field	-
#path	notice
#open	2018-06-25-01-07-10
#fields	ts	uid	id.orig_h	id.orig_p	id.resp_h	id.resp_p	fuid	file_mime_type	file_desc	proto	note	msg	sub	src	dst	p	n	peer_descr	actions	suppress_for	dropped	remote_location.country_code	remote_location.region	remote_location.city	remote_location.latitude	remote_location.longitude
#types	time	string	addr	port	addr	port	string	string	string	enum	enum	string	string	addr	addr	port	count	string	set[enum]	interval	bool	string	string	string	double	double
1529276940.111184	-	-	-	-	-	-	-	-	-	HTTP::EIoT	PUT, /api/newdeveloper/groups/0/action	-	-	-	-	-	bro	Notice::ACTION_LOG	3600.000000	F	-	-	-	-	-
1529276940.111184	-	-	-	-	-	-	-	-	-	HTTP::EIoT	PUT, {on:false	-	-	-	-	-	bro	Notice::ACTION_LOG	3600.000000	F	-	-	-	-	-
1529276940.143582	-	-	-	-	-	-	-	-	-	HTTP::EIoT	PUT, /api/newdeveloper/groups/0/action	-	-	-	-	-	bro	Notice::ACTION_LOG	3600.000000	F	-	-	-	-	-
1529276940.143582	-	-	-	-	-	-	-	-	-	HTTP::EIoT	PUT, {on:true}	-	-	-	-	-	bro	Notice::ACTION_LOG	3600.000000	F	-	-	-	-	-
1529276940.168435	-	-	-	-	-	-	-	-	-	HTTP::EIoT	PUT, /api/newdeveloper/groups/0/action	-	-	-	-	-	bro	Notice::ACTION_LOG	3600.000000	F	-	-	-	-	-
1529276940.168435	-	-	-	-	-	-	-	-	-	HTTP::EIoT	PUT, {on:false}	-	-	-	-	-	bro	Notice::ACTION_LOG	3600.000000	F	-	-	-	-	-
1529276940.188502	-	-	-	-	-	-	-	-	-	HTTP::EIoT	PUT, /api/newdeveloper/groups/0/action	-	-	-	-	-	bro	Notice::ACTION_LOG	3600.000000	F	-	-	-	-	-
1529276940.188502	-	-	-	-	-	-	-	-	-	HTTP::EIoT	PUT, {on:true}	-	-	-	-	-	bro	Notice::ACTION_LOG	3600.000000	F	-	-	-	-	-
1529276940.220110	-	-	-	-	-	-	-	-	-	HTTP::EIoT	PUT, /api/newdeveloper/groups/0/action	-	-	-	-	-	bro	Notice::ACTION_LOG	3600.000000	F	-	-	-	-	-
1529276940.220110	-	-	-	-	-	-	-	-	-	HTTP::EIoT	PUT, {on:true}	-	-	-	-	-	bro	Notice::ACTION_LOG	3600.000000	F	-	-	-	-	-
1529276940.246105	-	-	-	-	-	-	-	-	-	HTTP::EIoT	PUT, /api/newdeveloper/groups/0/action	-	-	-	-	-	bro	Notice::ACTION_LOG	3600.000000	F	-	-	-	-	-
1529276940.246105	-	-	-	-	-	-	-	-	-	HTTP::EIoT	PUT, {on:false}	-	-	-	-	-	bro	Notice::ACTION_LOG	3600.000000	F	-	-	-	-	-
1529276940.262932	-	-	-	-	-	-	-	-	-	HTTP::EIoT	PUT, /api/newdeveloper/groups/0/action	-	-	-	-	-	bro	Notice::ACTION_LOG	3600.000000	F	-	-	-	-	-
1529276940.262932	-	-	-	-	-	-	-	-	-	HTTP::EIoT	PUT, {on:true}	-	-	-	-	-	bro	Notice::ACTION_LOG	3600.000000	F	-	-	-	-	-
1529276940.308035	-	-	-	-	-	-	-	-	-	HTTP::EIoT	PUT, /api/newdeveloper/groups/0/action	-	-	-	-	-	bro	Notice::ACTION_LOG	3600.000000	F	-	-	-	-	-
1529276940.308035	-	-	-	-	-	-	-	-	-	HTTP::EIoT	PUT, {on:false	-	-	-	-	-	bro	Notice::ACTION_LOG	3600.000000	F	-	-	-	-	-
1529276940.322703	-	-	-	-	-	-	-	-	-	HTTP::EIoT	PUT, /api/newdeveloper/groups/0/action	-	-	-	-	-	bro	Notice::ACTION_LOG	3600.000000	F	-	-	-	-	-
1529276940.322703	-	-	-	-	-	-	-	-	-	HTTP::EIoT	PUT, {on:true}	-	-	-	-	-	bro	Notice::ACTION_LOG	3600.000000	F	-	-	-	-	-
1529276940.338724	-	-	-	-	-	-	-	-	-	HTTP::EIoT	PUT, /api/newdeveloper/groups/0/action	-	-	-	-	-	bro	Notice::ACTION_LOG	3600.000000	F	-	-	-	-	-
1529276940.338724	-	-	-	-	-	-	-	-	-	HTTP::EIoT	PUT, {on:true}	-	-	-	-	-	bro	Notice::ACTION_LOG	3600.000000	F	-	-	-	-	-
1529276940.373140	-	-	-	-	-	-	-	-	-	HTTP::EIoT	PUT, /api/newdeveloper/groups/0/action	-	-	-	-	-	bro	Notice::ACTION_LOG	3600.000000	F	-	-	-	-	-
1529276940.373140	-	-	-	-	-	-	-	-	-	HTTP::EIoT	PUT, {on:false	-	-	-	-	-	bro	Notice::ACTION_LOG	3600.000000	F	-	-	-	-	-
1529276940.389909	-	-	-	-	-	-	-	-	-	HTTP::EIoT	PUT, /api/newdeveloper/groups/0/action	-	-	-	-	-	bro	Notice::ACTION_LOG	3600.000000	F	-	-	-	-	-
1529276940.389909	-	-	-	-	-	-	-	-	-	HTTP::EIoT	PUT, {on:true}	-	-	-	-	-	bro	Notice::ACTION_LOG	3600.000000	F	-	-	-	-	-
#close	2018-06-25-01-07-10
