#separator \x09
#set_separator	,
#empty_field	(empty)
#unset_field	-
#path	notice
#open	2018-06-25-01-39-26
#fields	ts	uid	id.orig_h	id.orig_p	id.resp_h	id.resp_p	fuid	file_mime_type	file_desc	proto	note	msg	sub	src	dst	p	n	peer_descr	actions	suppress_for	dropped	remote_location.country_code	remote_location.region	remote_location.city	remote_location.latitude	remote_location.longitude
#types	time	string	addr	port	addr	port	string	string	string	enum	enum	string	string	addr	addr	port	count	string	set[enum]	interval	bool	string	string	string	double	double
1529277145.839117	-	-	-	-	-	-	-	-	-	HTTP::EIoT	PUT, /api/newdeveloper/groups/0/action	-	-	-	-	-	bro	Notice::ACTION_LOG	3600.000000	F	-	-	-	-	-
1529277145.839117	-	-	-	-	-	-	-	-	-	HTTP::EIoT	PUT, {on:false	-	-	-	-	-	bro	Notice::ACTION_LOG	3600.000000	F	-	-	-	-	-
1529277145.857926	-	-	-	-	-	-	-	-	-	HTTP::EIoT	PUT, /api/newdeveloper/groups/0/action	-	-	-	-	-	bro	Notice::ACTION_LOG	3600.000000	F	-	-	-	-	-
1529277145.857926	-	-	-	-	-	-	-	-	-	HTTP::EIoT	PUT, {on:false}	-	-	-	-	-	bro	Notice::ACTION_LOG	3600.000000	F	-	-	-	-	-
1529277145.881289	-	-	-	-	-	-	-	-	-	HTTP::EIoT	PUT, /api/newdeveloper/groups/0/action	-	-	-	-	-	bro	Notice::ACTION_LOG	3600.000000	F	-	-	-	-	-
1529277145.881289	-	-	-	-	-	-	-	-	-	HTTP::EIoT	PUT, {on:true}	-	-	-	-	-	bro	Notice::ACTION_LOG	3600.000000	F	-	-	-	-	-
1529277145.906341	-	-	-	-	-	-	-	-	-	HTTP::EIoT	PUT, /api/newdeveloper/groups/0/action	-	-	-	-	-	bro	Notice::ACTION_LOG	3600.000000	F	-	-	-	-	-
1529277145.906341	-	-	-	-	-	-	-	-	-	HTTP::EIoT	PUT, {on:true}	-	-	-	-	-	bro	Notice::ACTION_LOG	3600.000000	F	-	-	-	-	-
1529277145.931947	-	-	-	-	-	-	-	-	-	HTTP::EIoT	PUT, /api/newdeveloper/groups/0/action	-	-	-	-	-	bro	Notice::ACTION_LOG	3600.000000	F	-	-	-	-	-
1529277145.931947	-	-	-	-	-	-	-	-	-	HTTP::EIoT	PUT, {on:false	-	-	-	-	-	bro	Notice::ACTION_LOG	3600.000000	F	-	-	-	-	-
1529277145.943563	-	-	-	-	-	-	-	-	-	HTTP::EIoT	PUT, /api/newdeveloper/groups/0/action	-	-	-	-	-	bro	Notice::ACTION_LOG	3600.000000	F	-	-	-	-	-
1529277145.943563	-	-	-	-	-	-	-	-	-	HTTP::EIoT	PUT, {on:true}	-	-	-	-	-	bro	Notice::ACTION_LOG	3600.000000	F	-	-	-	-	-
1529277145.974152	-	-	-	-	-	-	-	-	-	HTTP::EIoT	PUT, /api/newdeveloper/groups/0/action	-	-	-	-	-	bro	Notice::ACTION_LOG	3600.000000	F	-	-	-	-	-
1529277145.974152	-	-	-	-	-	-	-	-	-	HTTP::EIoT	PUT, {on:true}	-	-	-	-	-	bro	Notice::ACTION_LOG	3600.000000	F	-	-	-	-	-
1529277145.996306	-	-	-	-	-	-	-	-	-	HTTP::EIoT	PUT, /api/newdeveloper/groups/0/action	-	-	-	-	-	bro	Notice::ACTION_LOG	3600.000000	F	-	-	-	-	-
1529277145.996306	-	-	-	-	-	-	-	-	-	HTTP::EIoT	PUT, {on:false	-	-	-	-	-	bro	Notice::ACTION_LOG	3600.000000	F	-	-	-	-	-
1529277146.032168	-	-	-	-	-	-	-	-	-	HTTP::EIoT	PUT, /api/newdeveloper/groups/0/action	-	-	-	-	-	bro	Notice::ACTION_LOG	3600.000000	F	-	-	-	-	-
1529277146.032168	-	-	-	-	-	-	-	-	-	HTTP::EIoT	PUT, {on:true}	-	-	-	-	-	bro	Notice::ACTION_LOG	3600.000000	F	-	-	-	-	-
1529277146.062188	-	-	-	-	-	-	-	-	-	HTTP::EIoT	PUT, /api/newdeveloper/groups/0/action	-	-	-	-	-	bro	Notice::ACTION_LOG	3600.000000	F	-	-	-	-	-
1529277146.062188	-	-	-	-	-	-	-	-	-	HTTP::EIoT	PUT, {on:false	-	-	-	-	-	bro	Notice::ACTION_LOG	3600.000000	F	-	-	-	-	-
1529277146.086089	-	-	-	-	-	-	-	-	-	HTTP::EIoT	PUT, /api/newdeveloper/groups/0/action	-	-	-	-	-	bro	Notice::ACTION_LOG	3600.000000	F	-	-	-	-	-
1529277146.086089	-	-	-	-	-	-	-	-	-	HTTP::EIoT	PUT, {on:true}	-	-	-	-	-	bro	Notice::ACTION_LOG	3600.000000	F	-	-	-	-	-
1529277146.107491	-	-	-	-	-	-	-	-	-	HTTP::EIoT	PUT, /api/newdeveloper/groups/0/action	-	-	-	-	-	bro	Notice::ACTION_LOG	3600.000000	F	-	-	-	-	-
1529277146.107491	-	-	-	-	-	-	-	-	-	HTTP::EIoT	PUT, {on:false	-	-	-	-	-	bro	Notice::ACTION_LOG	3600.000000	F	-	-	-	-	-
1529277146.137934	-	-	-	-	-	-	-	-	-	HTTP::EIoT	PUT, /api/newdeveloper/groups/0/action	-	-	-	-	-	bro	Notice::ACTION_LOG	3600.000000	F	-	-	-	-	-
1529277146.137934	-	-	-	-	-	-	-	-	-	HTTP::EIoT	PUT, {on:true}	-	-	-	-	-	bro	Notice::ACTION_LOG	3600.000000	F	-	-	-	-	-
1529277146.159189	-	-	-	-	-	-	-	-	-	HTTP::EIoT	PUT, /api/newdeveloper/groups/0/action	-	-	-	-	-	bro	Notice::ACTION_LOG	3600.000000	F	-	-	-	-	-
1529277146.159189	-	-	-	-	-	-	-	-	-	HTTP::EIoT	PUT, {on:false	-	-	-	-	-	bro	Notice::ACTION_LOG	3600.000000	F	-	-	-	-	-
1529277146.180902	-	-	-	-	-	-	-	-	-	HTTP::EIoT	PUT, /api/newdeveloper/groups/0/action	-	-	-	-	-	bro	Notice::ACTION_LOG	3600.000000	F	-	-	-	-	-
1529277146.180902	-	-	-	-	-	-	-	-	-	HTTP::EIoT	PUT, {on:true}	-	-	-	-	-	bro	Notice::ACTION_LOG	3600.000000	F	-	-	-	-	-
1529277146.200876	-	-	-	-	-	-	-	-	-	HTTP::EIoT	PUT, /api/newdeveloper/groups/0/action	-	-	-	-	-	bro	Notice::ACTION_LOG	3600.000000	F	-	-	-	-	-
1529277146.200876	-	-	-	-	-	-	-	-	-	HTTP::EIoT	PUT, {on:false	-	-	-	-	-	bro	Notice::ACTION_LOG	3600.000000	F	-	-	-	-	-
1529277146.217909	-	-	-	-	-	-	-	-	-	HTTP::EIoT	PUT, /api/newdeveloper/groups/0/action	-	-	-	-	-	bro	Notice::ACTION_LOG	3600.000000	F	-	-	-	-	-
1529277146.217909	-	-	-	-	-	-	-	-	-	HTTP::EIoT	PUT, {on:true}	-	-	-	-	-	bro	Notice::ACTION_LOG	3600.000000	F	-	-	-	-	-
1529277146.239874	-	-	-	-	-	-	-	-	-	HTTP::EIoT	PUT, /api/newdeveloper/groups/0/action	-	-	-	-	-	bro	Notice::ACTION_LOG	3600.000000	F	-	-	-	-	-
1529277146.239874	-	-	-	-	-	-	-	-	-	HTTP::EIoT	PUT, {on:false	-	-	-	-	-	bro	Notice::ACTION_LOG	3600.000000	F	-	-	-	-	-
1529277146.266547	-	-	-	-	-	-	-	-	-	HTTP::EIoT	PUT, /api/newdeveloper/groups/0/action	-	-	-	-	-	bro	Notice::ACTION_LOG	3600.000000	F	-	-	-	-	-
1529277146.266547	-	-	-	-	-	-	-	-	-	HTTP::EIoT	PUT, {on:true}	-	-	-	-	-	bro	Notice::ACTION_LOG	3600.000000	F	-	-	-	-	-
#close	2018-06-25-01-39-26
