#separator \x09
#set_separator	,
#empty_field	(empty)
#unset_field	-
#path	notice
#open	2018-06-25-01-35-23
#fields	ts	uid	id.orig_h	id.orig_p	id.resp_h	id.resp_p	fuid	file_mime_type	file_desc	proto	note	msg	sub	src	dst	p	n	peer_descr	actions	suppress_for	dropped	remote_location.country_code	remote_location.region	remote_location.city	remote_location.latitude	remote_location.longitude
#types	time	string	addr	port	addr	port	string	string	string	enum	enum	string	string	addr	addr	port	count	string	set[enum]	interval	bool	string	string	string	double	double
1529277113.542458	-	-	-	-	-	-	-	-	-	HTTP::EIoT	PUT, /api/newdeveloper/groups/0/action	-	-	-	-	-	bro	Notice::ACTION_LOG	3600.000000	F	-	-	-	-	-
1529277113.542458	-	-	-	-	-	-	-	-	-	HTTP::EIoT	PUT, {on:false	-	-	-	-	-	bro	Notice::ACTION_LOG	3600.000000	F	-	-	-	-	-
1529277113.565860	-	-	-	-	-	-	-	-	-	HTTP::EIoT	PUT, /api/newdeveloper/groups/0/action	-	-	-	-	-	bro	Notice::ACTION_LOG	3600.000000	F	-	-	-	-	-
1529277113.565860	-	-	-	-	-	-	-	-	-	HTTP::EIoT	PUT, {on:false}	-	-	-	-	-	bro	Notice::ACTION_LOG	3600.000000	F	-	-	-	-	-
1529277113.590468	-	-	-	-	-	-	-	-	-	HTTP::EIoT	PUT, /api/newdeveloper/groups/0/action	-	-	-	-	-	bro	Notice::ACTION_LOG	3600.000000	F	-	-	-	-	-
1529277113.590468	-	-	-	-	-	-	-	-	-	HTTP::EIoT	PUT, {on:true}	-	-	-	-	-	bro	Notice::ACTION_LOG	3600.000000	F	-	-	-	-	-
1529277113.621889	-	-	-	-	-	-	-	-	-	HTTP::EIoT	PUT, /api/newdeveloper/groups/0/action	-	-	-	-	-	bro	Notice::ACTION_LOG	3600.000000	F	-	-	-	-	-
1529277113.621889	-	-	-	-	-	-	-	-	-	HTTP::EIoT	PUT, {on:false	-	-	-	-	-	bro	Notice::ACTION_LOG	3600.000000	F	-	-	-	-	-
1529277113.648274	-	-	-	-	-	-	-	-	-	HTTP::EIoT	PUT, /api/newdeveloper/groups/0/action	-	-	-	-	-	bro	Notice::ACTION_LOG	3600.000000	F	-	-	-	-	-
1529277113.648274	-	-	-	-	-	-	-	-	-	HTTP::EIoT	PUT, {on:true}	-	-	-	-	-	bro	Notice::ACTION_LOG	3600.000000	F	-	-	-	-	-
1529277113.669903	-	-	-	-	-	-	-	-	-	HTTP::EIoT	PUT, /api/newdeveloper/groups/0/action	-	-	-	-	-	bro	Notice::ACTION_LOG	3600.000000	F	-	-	-	-	-
1529277113.669903	-	-	-	-	-	-	-	-	-	HTTP::EIoT	PUT, {on:false	-	-	-	-	-	bro	Notice::ACTION_LOG	3600.000000	F	-	-	-	-	-
1529277113.685935	-	-	-	-	-	-	-	-	-	HTTP::EIoT	PUT, /api/newdeveloper/groups/0/action	-	-	-	-	-	bro	Notice::ACTION_LOG	3600.000000	F	-	-	-	-	-
1529277113.685935	-	-	-	-	-	-	-	-	-	HTTP::EIoT	PUT, {on:true}	-	-	-	-	-	bro	Notice::ACTION_LOG	3600.000000	F	-	-	-	-	-
1529277113.702017	-	-	-	-	-	-	-	-	-	HTTP::EIoT	PUT, /api/newdeveloper/groups/0/action	-	-	-	-	-	bro	Notice::ACTION_LOG	3600.000000	F	-	-	-	-	-
1529277113.702017	-	-	-	-	-	-	-	-	-	HTTP::EIoT	PUT, {on:false	-	-	-	-	-	bro	Notice::ACTION_LOG	3600.000000	F	-	-	-	-	-
1529277113.727910	-	-	-	-	-	-	-	-	-	HTTP::EIoT	PUT, /api/newdeveloper/groups/0/action	-	-	-	-	-	bro	Notice::ACTION_LOG	3600.000000	F	-	-	-	-	-
1529277113.727910	-	-	-	-	-	-	-	-	-	HTTP::EIoT	PUT, {on:true}	-	-	-	-	-	bro	Notice::ACTION_LOG	3600.000000	F	-	-	-	-	-
1529277113.754146	-	-	-	-	-	-	-	-	-	HTTP::EIoT	PUT, /api/newdeveloper/groups/0/action	-	-	-	-	-	bro	Notice::ACTION_LOG	3600.000000	F	-	-	-	-	-
1529277113.754146	-	-	-	-	-	-	-	-	-	HTTP::EIoT	PUT, {on:false	-	-	-	-	-	bro	Notice::ACTION_LOG	3600.000000	F	-	-	-	-	-
1529277113.777971	-	-	-	-	-	-	-	-	-	HTTP::EIoT	PUT, /api/newdeveloper/groups/0/action	-	-	-	-	-	bro	Notice::ACTION_LOG	3600.000000	F	-	-	-	-	-
1529277113.777971	-	-	-	-	-	-	-	-	-	HTTP::EIoT	PUT, {on:true}	-	-	-	-	-	bro	Notice::ACTION_LOG	3600.000000	F	-	-	-	-	-
1529277113.805960	-	-	-	-	-	-	-	-	-	HTTP::EIoT	PUT, /api/newdeveloper/groups/0/action	-	-	-	-	-	bro	Notice::ACTION_LOG	3600.000000	F	-	-	-	-	-
1529277113.805960	-	-	-	-	-	-	-	-	-	HTTP::EIoT	PUT, {on:false	-	-	-	-	-	bro	Notice::ACTION_LOG	3600.000000	F	-	-	-	-	-
1529277113.825036	-	-	-	-	-	-	-	-	-	HTTP::EIoT	PUT, /api/newdeveloper/groups/0/action	-	-	-	-	-	bro	Notice::ACTION_LOG	3600.000000	F	-	-	-	-	-
1529277113.825036	-	-	-	-	-	-	-	-	-	HTTP::EIoT	PUT, {on:true}	-	-	-	-	-	bro	Notice::ACTION_LOG	3600.000000	F	-	-	-	-	-
1529277113.849856	-	-	-	-	-	-	-	-	-	HTTP::EIoT	PUT, /api/newdeveloper/groups/0/action	-	-	-	-	-	bro	Notice::ACTION_LOG	3600.000000	F	-	-	-	-	-
1529277113.849856	-	-	-	-	-	-	-	-	-	HTTP::EIoT	PUT, {on:false	-	-	-	-	-	bro	Notice::ACTION_LOG	3600.000000	F	-	-	-	-	-
1529277113.866569	-	-	-	-	-	-	-	-	-	HTTP::EIoT	PUT, /api/newdeveloper/groups/0/action	-	-	-	-	-	bro	Notice::ACTION_LOG	3600.000000	F	-	-	-	-	-
1529277113.866569	-	-	-	-	-	-	-	-	-	HTTP::EIoT	PUT, {on:true}	-	-	-	-	-	bro	Notice::ACTION_LOG	3600.000000	F	-	-	-	-	-
1529277113.884313	-	-	-	-	-	-	-	-	-	HTTP::EIoT	PUT, /api/newdeveloper/groups/0/action	-	-	-	-	-	bro	Notice::ACTION_LOG	3600.000000	F	-	-	-	-	-
1529277113.884313	-	-	-	-	-	-	-	-	-	HTTP::EIoT	PUT, {on:false	-	-	-	-	-	bro	Notice::ACTION_LOG	3600.000000	F	-	-	-	-	-
1529277113.914101	-	-	-	-	-	-	-	-	-	HTTP::EIoT	PUT, /api/newdeveloper/groups/0/action	-	-	-	-	-	bro	Notice::ACTION_LOG	3600.000000	F	-	-	-	-	-
1529277113.914101	-	-	-	-	-	-	-	-	-	HTTP::EIoT	PUT, {on:true}	-	-	-	-	-	bro	Notice::ACTION_LOG	3600.000000	F	-	-	-	-	-
#close	2018-06-25-01-35-23
